Analysis & Synthesis report for Lab9_and_Lab10
Fri Dec 16 22:50:14 2022
Quartus Prime Version 21.1.1 Build 850 06/23/2022 SJ Lite Edition


---------------------
; Table of Contents ;
---------------------
  1. Legal Notice
  2. Analysis & Synthesis Summary
  3. Analysis & Synthesis Settings
  4. Parallel Compilation
  5. Analysis & Synthesis Source Files Read
  6. Analysis & Synthesis Resource Usage Summary
  7. Analysis & Synthesis Resource Utilization by Entity
  8. Analysis & Synthesis RAM Summary
  9. Analysis & Synthesis IP Cores Summary
 10. State Machine - |Lab9Part2|proc:inst|Tstep_Q
 11. Registers Removed During Synthesis
 12. General Register Statistics
 13. Multiplexer Restructuring Statistics (Restructuring Performed)
 14. Source assignments for inst_mem:inst2|altsyncram:altsyncram_component|altsyncram_h7a1:auto_generated
 15. Parameter Settings for User Entity Instance: proc:inst|regn:reg_0
 16. Parameter Settings for User Entity Instance: proc:inst|regn:reg_1
 17. Parameter Settings for User Entity Instance: proc:inst|regn:reg_2
 18. Parameter Settings for User Entity Instance: proc:inst|regn:reg_3
 19. Parameter Settings for User Entity Instance: proc:inst|regn:reg_4
 20. Parameter Settings for User Entity Instance: proc:inst|regn:reg_5
 21. Parameter Settings for User Entity Instance: proc:inst|regn:reg_6
 22. Parameter Settings for User Entity Instance: proc:inst|regn:reg_7
 23. Parameter Settings for User Entity Instance: proc:inst|regn:reg_IR
 24. Parameter Settings for User Entity Instance: proc:inst|regn:reg_A
 25. Parameter Settings for User Entity Instance: proc:inst|regn:reg_G
 26. Parameter Settings for User Entity Instance: proc:inst|addsub:AS|lpm_add_sub:LPM_ADD_SUB_component
 27. Parameter Settings for User Entity Instance: inst_mem:inst2|altsyncram:altsyncram_component
 28. Parameter Settings for User Entity Instance: counter_modk:inst3
 29. altsyncram Parameter Settings by Entity Instance
 30. Port Connectivity Checks: "proc:inst|dec3to8:decY"
 31. Port Connectivity Checks: "proc:inst|dec3to8:decX"
 32. Post-Synthesis Netlist Statistics for Top Partition
 33. Elapsed Time Per Partition
 34. Analysis & Synthesis Messages



----------------
; Legal Notice ;
----------------
Copyright (C) 2022  Intel Corporation. All rights reserved.
Your use of Intel Corporation's design tools, logic functions 
and other software and tools, and any partner logic 
functions, and any output files from any of the foregoing 
(including device programming or simulation files), and any 
associated documentation or information are expressly subject 
to the terms and conditions of the Intel Program License 
Subscription Agreement, the Intel Quartus Prime License Agreement,
the Intel FPGA IP License Agreement, or other applicable license
agreement, including, without limitation, that your use is for
the sole purpose of programming logic devices manufactured by
Intel and sold by Intel or its authorized distributors.  Please
refer to the applicable agreement for further details, at
https://fpgasoftware.intel.com/eula.



+----------------------------------------------------------------------------------+
; Analysis & Synthesis Summary                                                     ;
+------------------------------------+---------------------------------------------+
; Analysis & Synthesis Status        ; Successful - Fri Dec 16 22:50:14 2022       ;
; Quartus Prime Version              ; 21.1.1 Build 850 06/23/2022 SJ Lite Edition ;
; Revision Name                      ; Lab9_and_Lab10                              ;
; Top-level Entity Name              ; Lab9Part2                                   ;
; Family                             ; Cyclone IV GX                               ;
; Total logic elements               ; 228                                         ;
;     Total combinational functions  ; 146                                         ;
;     Dedicated logic registers      ; 108                                         ;
; Total registers                    ; 108                                         ;
; Total pins                         ; 29                                          ;
; Total virtual pins                 ; 0                                           ;
; Total memory bits                  ; 288                                         ;
; Embedded Multiplier 9-bit elements ; 0                                           ;
; Total GXB Receiver Channel PCS     ; 0                                           ;
; Total GXB Receiver Channel PMA     ; 0                                           ;
; Total GXB Transmitter Channel PCS  ; 0                                           ;
; Total GXB Transmitter Channel PMA  ; 0                                           ;
; Total PLLs                         ; 0                                           ;
+------------------------------------+---------------------------------------------+


+------------------------------------------------------------------------------------------------------------+
; Analysis & Synthesis Settings                                                                              ;
+------------------------------------------------------------------+--------------------+--------------------+
; Option                                                           ; Setting            ; Default Value      ;
+------------------------------------------------------------------+--------------------+--------------------+
; Device                                                           ; EP4CGX150DF31C7    ;                    ;
; Top-level entity name                                            ; Lab9Part2          ; Lab9_and_Lab10     ;
; Family name                                                      ; Cyclone IV GX      ; Cyclone V          ;
; Use smart compilation                                            ; Off                ; Off                ;
; Enable parallel Assembler and Timing Analyzer during compilation ; On                 ; On                 ;
; Enable compact report table                                      ; Off                ; Off                ;
; Restructure Multiplexers                                         ; Auto               ; Auto               ;
; Create Debugging Nodes for IP Cores                              ; Off                ; Off                ;
; Preserve fewer node names                                        ; On                 ; On                 ;
; Intel FPGA IP Evaluation Mode                                    ; Enable             ; Enable             ;
; Verilog Version                                                  ; Verilog_2001       ; Verilog_2001       ;
; VHDL Version                                                     ; VHDL_1993          ; VHDL_1993          ;
; State Machine Processing                                         ; Auto               ; Auto               ;
; Safe State Machine                                               ; Off                ; Off                ;
; Extract Verilog State Machines                                   ; On                 ; On                 ;
; Extract VHDL State Machines                                      ; On                 ; On                 ;
; Ignore Verilog initial constructs                                ; Off                ; Off                ;
; Iteration limit for constant Verilog loops                       ; 5000               ; 5000               ;
; Iteration limit for non-constant Verilog loops                   ; 250                ; 250                ;
; Add Pass-Through Logic to Inferred RAMs                          ; On                 ; On                 ;
; Infer RAMs from Raw Logic                                        ; On                 ; On                 ;
; Parallel Synthesis                                               ; On                 ; On                 ;
; DSP Block Balancing                                              ; Auto               ; Auto               ;
; NOT Gate Push-Back                                               ; On                 ; On                 ;
; Power-Up Don't Care                                              ; On                 ; On                 ;
; Remove Redundant Logic Cells                                     ; Off                ; Off                ;
; Remove Duplicate Registers                                       ; On                 ; On                 ;
; Ignore CARRY Buffers                                             ; Off                ; Off                ;
; Ignore CASCADE Buffers                                           ; Off                ; Off                ;
; Ignore GLOBAL Buffers                                            ; Off                ; Off                ;
; Ignore ROW GLOBAL Buffers                                        ; Off                ; Off                ;
; Ignore LCELL Buffers                                             ; Off                ; Off                ;
; Ignore SOFT Buffers                                              ; On                 ; On                 ;
; Limit AHDL Integers to 32 Bits                                   ; Off                ; Off                ;
; Optimization Technique                                           ; Balanced           ; Balanced           ;
; Carry Chain Length                                               ; 70                 ; 70                 ;
; Auto Carry Chains                                                ; On                 ; On                 ;
; Auto Open-Drain Pins                                             ; On                 ; On                 ;
; Perform WYSIWYG Primitive Resynthesis                            ; Off                ; Off                ;
; Auto ROM Replacement                                             ; On                 ; On                 ;
; Auto RAM Replacement                                             ; On                 ; On                 ;
; Auto DSP Block Replacement                                       ; On                 ; On                 ;
; Auto Shift Register Replacement                                  ; Auto               ; Auto               ;
; Allow Shift Register Merging across Hierarchies                  ; Auto               ; Auto               ;
; Auto Clock Enable Replacement                                    ; On                 ; On                 ;
; Strict RAM Replacement                                           ; Off                ; Off                ;
; Allow Synchronous Control Signals                                ; On                 ; On                 ;
; Force Use of Synchronous Clear Signals                           ; Off                ; Off                ;
; Auto RAM Block Balancing                                         ; On                 ; On                 ;
; Auto RAM to Logic Cell Conversion                                ; Off                ; Off                ;
; Auto Resource Sharing                                            ; Off                ; Off                ;
; Allow Any RAM Size For Recognition                               ; Off                ; Off                ;
; Allow Any ROM Size For Recognition                               ; Off                ; Off                ;
; Allow Any Shift Register Size For Recognition                    ; Off                ; Off                ;
; Use LogicLock Constraints during Resource Balancing              ; On                 ; On                 ;
; Ignore translate_off and synthesis_off directives                ; Off                ; Off                ;
; Timing-Driven Synthesis                                          ; On                 ; On                 ;
; Report Parameter Settings                                        ; On                 ; On                 ;
; Report Source Assignments                                        ; On                 ; On                 ;
; Report Connectivity Checks                                       ; On                 ; On                 ;
; Ignore Maximum Fan-Out Assignments                               ; Off                ; Off                ;
; Synchronization Register Chain Length                            ; 2                  ; 2                  ;
; Power Optimization During Synthesis                              ; Normal compilation ; Normal compilation ;
; HDL message level                                                ; Level2             ; Level2             ;
; Suppress Register Optimization Related Messages                  ; Off                ; Off                ;
; Number of Removed Registers Reported in Synthesis Report         ; 5000               ; 5000               ;
; Number of Swept Nodes Reported in Synthesis Report               ; 5000               ; 5000               ;
; Number of Inverted Registers Reported in Synthesis Report        ; 100                ; 100                ;
; Clock MUX Protection                                             ; On                 ; On                 ;
; Auto Gated Clock Conversion                                      ; Off                ; Off                ;
; Block Design Naming                                              ; Auto               ; Auto               ;
; SDC constraint protection                                        ; Off                ; Off                ;
; Synthesis Effort                                                 ; Auto               ; Auto               ;
; Shift Register Replacement - Allow Asynchronous Clear Signal     ; On                 ; On                 ;
; Pre-Mapping Resynthesis Optimization                             ; Off                ; Off                ;
; Analysis & Synthesis Message Level                               ; Medium             ; Medium             ;
; Disable Register Merging Across Hierarchies                      ; Auto               ; Auto               ;
; Resource Aware Inference For Block RAM                           ; On                 ; On                 ;
+------------------------------------------------------------------+--------------------+--------------------+


+------------------------------------------+
; Parallel Compilation                     ;
+----------------------------+-------------+
; Processors                 ; Number      ;
+----------------------------+-------------+
; Number detected on machine ; 12          ;
; Maximum allowed            ; 6           ;
;                            ;             ;
; Average used               ; 1.00        ;
; Maximum used               ; 6           ;
;                            ;             ;
; Usage by Processor         ; % Time Used ;
;     Processor 1            ; 100.0%      ;
;     Processor 2            ;   0.0%      ;
;     Processors 3-6         ;   0.0%      ;
+----------------------------+-------------+


+------------------------------------------------------------------------------------------------------------------------------------------------------------------------------------+
; Analysis & Synthesis Source Files Read                                                                                                                                             ;
+----------------------------------+-----------------+------------------------------------+--------------------------------------------------------------------------------+---------+
; File Name with User-Entered Path ; Used in Netlist ; File Type                          ; File Name with Absolute Path                                                   ; Library ;
+----------------------------------+-----------------+------------------------------------+--------------------------------------------------------------------------------+---------+
; counter_modk.v                   ; yes             ; User Verilog HDL File              ; C:/Users/ADMIN/Documents/FPGA/Lab9_and_Lab10/counter_modk.v                    ;         ;
; inst_mem.mif                     ; yes             ; User Memory Initialization File    ; C:/Users/ADMIN/Documents/FPGA/Lab9_and_Lab10/inst_mem.mif                      ;         ;
; proc.v                           ; yes             ; User Verilog HDL File              ; C:/Users/ADMIN/Documents/FPGA/Lab9_and_Lab10/proc.v                            ;         ;
; regn.v                           ; yes             ; User Verilog HDL File              ; C:/Users/ADMIN/Documents/FPGA/Lab9_and_Lab10/regn.v                            ;         ;
; dec3to8.v                        ; yes             ; User Verilog HDL File              ; C:/Users/ADMIN/Documents/FPGA/Lab9_and_Lab10/dec3to8.v                         ;         ;
; addsub.v                         ; yes             ; User Wizard-Generated File         ; C:/Users/ADMIN/Documents/FPGA/Lab9_and_Lab10/addsub.v                          ;         ;
; inst_mem.v                       ; yes             ; User Wizard-Generated File         ; C:/Users/ADMIN/Documents/FPGA/Lab9_and_Lab10/inst_mem.v                        ;         ;
; Lab9Part2.bdf                    ; yes             ; User Block Diagram/Schematic File  ; C:/Users/ADMIN/Documents/FPGA/Lab9_and_Lab10/Lab9Part2.bdf                     ;         ;
; lpm_add_sub.tdf                  ; yes             ; Megafunction                       ; d:/intelfpga_lite/21.1/quartus/libraries/megafunctions/lpm_add_sub.tdf         ;         ;
; addcore.inc                      ; yes             ; Megafunction                       ; d:/intelfpga_lite/21.1/quartus/libraries/megafunctions/addcore.inc             ;         ;
; look_add.inc                     ; yes             ; Megafunction                       ; d:/intelfpga_lite/21.1/quartus/libraries/megafunctions/look_add.inc            ;         ;
; bypassff.inc                     ; yes             ; Megafunction                       ; d:/intelfpga_lite/21.1/quartus/libraries/megafunctions/bypassff.inc            ;         ;
; altshift.inc                     ; yes             ; Megafunction                       ; d:/intelfpga_lite/21.1/quartus/libraries/megafunctions/altshift.inc            ;         ;
; alt_stratix_add_sub.inc          ; yes             ; Megafunction                       ; d:/intelfpga_lite/21.1/quartus/libraries/megafunctions/alt_stratix_add_sub.inc ;         ;
; aglobal211.inc                   ; yes             ; Megafunction                       ; d:/intelfpga_lite/21.1/quartus/libraries/megafunctions/aglobal211.inc          ;         ;
; db/add_sub_oqg.tdf               ; yes             ; Auto-Generated Megafunction        ; C:/Users/ADMIN/Documents/FPGA/Lab9_and_Lab10/db/add_sub_oqg.tdf                ;         ;
; altsyncram.tdf                   ; yes             ; Megafunction                       ; d:/intelfpga_lite/21.1/quartus/libraries/megafunctions/altsyncram.tdf          ;         ;
; stratix_ram_block.inc            ; yes             ; Megafunction                       ; d:/intelfpga_lite/21.1/quartus/libraries/megafunctions/stratix_ram_block.inc   ;         ;
; lpm_mux.inc                      ; yes             ; Megafunction                       ; d:/intelfpga_lite/21.1/quartus/libraries/megafunctions/lpm_mux.inc             ;         ;
; lpm_decode.inc                   ; yes             ; Megafunction                       ; d:/intelfpga_lite/21.1/quartus/libraries/megafunctions/lpm_decode.inc          ;         ;
; a_rdenreg.inc                    ; yes             ; Megafunction                       ; d:/intelfpga_lite/21.1/quartus/libraries/megafunctions/a_rdenreg.inc           ;         ;
; altrom.inc                       ; yes             ; Megafunction                       ; d:/intelfpga_lite/21.1/quartus/libraries/megafunctions/altrom.inc              ;         ;
; altram.inc                       ; yes             ; Megafunction                       ; d:/intelfpga_lite/21.1/quartus/libraries/megafunctions/altram.inc              ;         ;
; altdpram.inc                     ; yes             ; Megafunction                       ; d:/intelfpga_lite/21.1/quartus/libraries/megafunctions/altdpram.inc            ;         ;
; db/altsyncram_h7a1.tdf           ; yes             ; Auto-Generated Megafunction        ; C:/Users/ADMIN/Documents/FPGA/Lab9_and_Lab10/db/altsyncram_h7a1.tdf            ;         ;
+----------------------------------+-----------------+------------------------------------+--------------------------------------------------------------------------------+---------+


+---------------------------------------------+
; Analysis & Synthesis Resource Usage Summary ;
+--------------------------+------------------+
; Resource                 ; Usage            ;
+--------------------------+------------------+
; I/O pins                 ; 29               ;
; Total memory bits        ; 288              ;
;                          ;                  ;
; DSP block 9-bit elements ; 0                ;
;                          ;                  ;
; Maximum fan-out node     ; Pro_Clock~input  ;
; Maximum fan-out          ; 103              ;
; Total fan-out            ; 945              ;
; Average fan-out          ; 2.94             ;
+--------------------------+------------------+


+--------------------------------------------------------------------------------------------------------------------------------------------------------------------------------------------------------------------------------------------------------------------------------------------------------------------+
; Analysis & Synthesis Resource Utilization by Entity                                                                                                                                                                                                                                                                ;
+----------------------------------------------+---------------------+---------------------------+-------------+--------------+---------+-----------+-----------+------+--------------+---------------------------------------------------------------------------------------------+-----------------+--------------+
; Compilation Hierarchy Node                   ; Combinational ALUTs ; Dedicated Logic Registers ; Memory Bits ; DSP Elements ; DSP 9x9 ; DSP 18x18 ; DSP 36x36 ; Pins ; Virtual Pins ; Full Hierarchy Name                                                                         ; Entity Name     ; Library Name ;
+----------------------------------------------+---------------------+---------------------------+-------------+--------------+---------+-----------+-----------+------+--------------+---------------------------------------------------------------------------------------------+-----------------+--------------+
; |Lab9Part2                                   ; 146 (0)             ; 108 (0)                   ; 288         ; 0            ; 0       ; 0         ; 0         ; 29   ; 0            ; |Lab9Part2                                                                                  ; Lab9Part2       ; work         ;
;    |counter_modk:inst3|                      ; 5 (5)               ; 5 (5)                     ; 0           ; 0            ; 0       ; 0         ; 0         ; 0    ; 0            ; |Lab9Part2|counter_modk:inst3                                                               ; counter_modk    ; work         ;
;    |inst_mem:inst2|                          ; 0 (0)               ; 0 (0)                     ; 288         ; 0            ; 0       ; 0         ; 0         ; 0    ; 0            ; |Lab9Part2|inst_mem:inst2                                                                   ; inst_mem        ; work         ;
;       |altsyncram:altsyncram_component|      ; 0 (0)               ; 0 (0)                     ; 288         ; 0            ; 0       ; 0         ; 0         ; 0    ; 0            ; |Lab9Part2|inst_mem:inst2|altsyncram:altsyncram_component                                   ; altsyncram      ; work         ;
;          |altsyncram_h7a1:auto_generated|    ; 0 (0)               ; 0 (0)                     ; 288         ; 0            ; 0       ; 0         ; 0         ; 0    ; 0            ; |Lab9Part2|inst_mem:inst2|altsyncram:altsyncram_component|altsyncram_h7a1:auto_generated    ; altsyncram_h7a1 ; work         ;
;    |proc:inst|                               ; 141 (122)           ; 103 (4)                   ; 0           ; 0            ; 0       ; 0         ; 0         ; 0    ; 0            ; |Lab9Part2|proc:inst                                                                        ; proc            ; work         ;
;       |addsub:AS|                            ; 9 (0)               ; 0 (0)                     ; 0           ; 0            ; 0       ; 0         ; 0         ; 0    ; 0            ; |Lab9Part2|proc:inst|addsub:AS                                                              ; addsub          ; work         ;
;          |lpm_add_sub:LPM_ADD_SUB_component| ; 9 (0)               ; 0 (0)                     ; 0           ; 0            ; 0       ; 0         ; 0         ; 0    ; 0            ; |Lab9Part2|proc:inst|addsub:AS|lpm_add_sub:LPM_ADD_SUB_component                            ; lpm_add_sub     ; work         ;
;             |add_sub_oqg:auto_generated|     ; 9 (9)               ; 0 (0)                     ; 0           ; 0            ; 0       ; 0         ; 0         ; 0    ; 0            ; |Lab9Part2|proc:inst|addsub:AS|lpm_add_sub:LPM_ADD_SUB_component|add_sub_oqg:auto_generated ; add_sub_oqg     ; work         ;
;       |regn:reg_0|                           ; 0 (0)               ; 9 (9)                     ; 0           ; 0            ; 0       ; 0         ; 0         ; 0    ; 0            ; |Lab9Part2|proc:inst|regn:reg_0                                                             ; regn            ; work         ;
;       |regn:reg_1|                           ; 0 (0)               ; 9 (9)                     ; 0           ; 0            ; 0       ; 0         ; 0         ; 0    ; 0            ; |Lab9Part2|proc:inst|regn:reg_1                                                             ; regn            ; work         ;
;       |regn:reg_2|                           ; 0 (0)               ; 9 (9)                     ; 0           ; 0            ; 0       ; 0         ; 0         ; 0    ; 0            ; |Lab9Part2|proc:inst|regn:reg_2                                                             ; regn            ; work         ;
;       |regn:reg_3|                           ; 0 (0)               ; 9 (9)                     ; 0           ; 0            ; 0       ; 0         ; 0         ; 0    ; 0            ; |Lab9Part2|proc:inst|regn:reg_3                                                             ; regn            ; work         ;
;       |regn:reg_4|                           ; 0 (0)               ; 9 (9)                     ; 0           ; 0            ; 0       ; 0         ; 0         ; 0    ; 0            ; |Lab9Part2|proc:inst|regn:reg_4                                                             ; regn            ; work         ;
;       |regn:reg_5|                           ; 0 (0)               ; 9 (9)                     ; 0           ; 0            ; 0       ; 0         ; 0         ; 0    ; 0            ; |Lab9Part2|proc:inst|regn:reg_5                                                             ; regn            ; work         ;
;       |regn:reg_6|                           ; 0 (0)               ; 9 (9)                     ; 0           ; 0            ; 0       ; 0         ; 0         ; 0    ; 0            ; |Lab9Part2|proc:inst|regn:reg_6                                                             ; regn            ; work         ;
;       |regn:reg_7|                           ; 0 (0)               ; 9 (9)                     ; 0           ; 0            ; 0       ; 0         ; 0         ; 0    ; 0            ; |Lab9Part2|proc:inst|regn:reg_7                                                             ; regn            ; work         ;
;       |regn:reg_A|                           ; 0 (0)               ; 9 (9)                     ; 0           ; 0            ; 0       ; 0         ; 0         ; 0    ; 0            ; |Lab9Part2|proc:inst|regn:reg_A                                                             ; regn            ; work         ;
;       |regn:reg_G|                           ; 10 (10)             ; 9 (9)                     ; 0           ; 0            ; 0       ; 0         ; 0         ; 0    ; 0            ; |Lab9Part2|proc:inst|regn:reg_G                                                             ; regn            ; work         ;
;       |regn:reg_IR|                          ; 0 (0)               ; 9 (9)                     ; 0           ; 0            ; 0       ; 0         ; 0         ; 0    ; 0            ; |Lab9Part2|proc:inst|regn:reg_IR                                                            ; regn            ; work         ;
+----------------------------------------------+---------------------+---------------------------+-------------+--------------+---------+-----------+-----------+------+--------------+---------------------------------------------------------------------------------------------+-----------------+--------------+
Note: For table entries with two numbers listed, the numbers in parentheses indicate the number of resources of the given type used by the specific entity alone. The numbers listed outside of parentheses indicate the total resources of the given type used by the specific entity and all of its sub-entities in the hierarchy.


+------------------------------------------------------------------------------------------------------------------------------------------------------------------------------------------+
; Analysis & Synthesis RAM Summary                                                                                                                                                         ;
+------------------------------------------------------------------------------------------+------+------+--------------+--------------+--------------+--------------+------+--------------+
; Name                                                                                     ; Type ; Mode ; Port A Depth ; Port A Width ; Port B Depth ; Port B Width ; Size ; MIF          ;
+------------------------------------------------------------------------------------------+------+------+--------------+--------------+--------------+--------------+------+--------------+
; inst_mem:inst2|altsyncram:altsyncram_component|altsyncram_h7a1:auto_generated|ALTSYNCRAM ; AUTO ; ROM  ; 32           ; 9            ; --           ; --           ; 288  ; inst_mem.mif ;
+------------------------------------------------------------------------------------------+------+------+--------------+--------------+--------------+--------------+------+--------------+


+------------------------------------------------------------------------------------------------------------------+
; Analysis & Synthesis IP Cores Summary                                                                            ;
+--------+--------------+---------+--------------+--------------+--------------------------------+-----------------+
; Vendor ; IP Core Name ; Version ; Release Date ; License Type ; Entity Instance                ; IP Include File ;
+--------+--------------+---------+--------------+--------------+--------------------------------+-----------------+
; Altera ; LPM_ADD_SUB  ; 21.1    ; N/A          ; N/A          ; |Lab9Part2|proc:inst|addsub:AS ; addsub.v        ;
; Altera ; ROM: 1-PORT  ; 21.1    ; N/A          ; N/A          ; |Lab9Part2|inst_mem:inst2      ; inst_mem.v      ;
+--------+--------------+---------+--------------+--------------+--------------------------------+-----------------+


Encoding Type:  One-Hot
+----------------------------------------------------------------+
; State Machine - |Lab9Part2|proc:inst|Tstep_Q                   ;
+------------+------------+------------+------------+------------+
; Name       ; Tstep_Q.T3 ; Tstep_Q.T2 ; Tstep_Q.T1 ; Tstep_Q.T0 ;
+------------+------------+------------+------------+------------+
; Tstep_Q.T0 ; 0          ; 0          ; 0          ; 0          ;
; Tstep_Q.T1 ; 0          ; 0          ; 1          ; 1          ;
; Tstep_Q.T2 ; 0          ; 1          ; 0          ; 1          ;
; Tstep_Q.T3 ; 1          ; 0          ; 0          ; 1          ;
+------------+------------+------------+------------+------------+


+------------------------------------------------------------+
; Registers Removed During Synthesis                         ;
+---------------------------------------+--------------------+
; Register name                         ; Reason for Removal ;
+---------------------------------------+--------------------+
; proc:inst|Tstep_Q~4                   ; Lost fanout        ;
; proc:inst|Tstep_Q~5                   ; Lost fanout        ;
; proc:inst|Tstep_Q~6                   ; Lost fanout        ;
; Total Number of Removed Registers = 3 ;                    ;
+---------------------------------------+--------------------+


+------------------------------------------------------+
; General Register Statistics                          ;
+----------------------------------------------+-------+
; Statistic                                    ; Value ;
+----------------------------------------------+-------+
; Total registers                              ; 108   ;
; Number of registers using Synchronous Clear  ; 0     ;
; Number of registers using Synchronous Load   ; 0     ;
; Number of registers using Asynchronous Clear ; 9     ;
; Number of registers using Asynchronous Load  ; 0     ;
; Number of registers using Clock Enable       ; 99    ;
; Number of registers using Preset             ; 0     ;
+----------------------------------------------+-------+


+-----------------------------------------------------------------------------------------------------------------------------------------------+
; Multiplexer Restructuring Statistics (Restructuring Performed)                                                                                ;
+--------------------+-----------+---------------+----------------------+------------------------+------------+---------------------------------+
; Multiplexer Inputs ; Bus Width ; Baseline Area ; Area if Restructured ; Saving if Restructured ; Registered ; Example Multiplexer Output      ;
+--------------------+-----------+---------------+----------------------+------------------------+------------+---------------------------------+
; 8:1                ; 8 bits    ; 40 LEs        ; 16 LEs               ; 24 LEs                 ; No         ; |Lab9Part2|proc:inst|Mux0       ;
; 11:1               ; 9 bits    ; 63 LEs        ; 63 LEs               ; 0 LEs                  ; No         ; |Lab9Part2|proc:inst|Selector21 ;
+--------------------+-----------+---------------+----------------------+------------------------+------------+---------------------------------+


+------------------------------------------------------------------------------------------------------+
; Source assignments for inst_mem:inst2|altsyncram:altsyncram_component|altsyncram_h7a1:auto_generated ;
+---------------------------------+--------------------+------+----------------------------------------+
; Assignment                      ; Value              ; From ; To                                     ;
+---------------------------------+--------------------+------+----------------------------------------+
; OPTIMIZE_POWER_DURING_SYNTHESIS ; NORMAL_COMPILATION ; -    ; -                                      ;
+---------------------------------+--------------------+------+----------------------------------------+


+-------------------------------------------------------------------+
; Parameter Settings for User Entity Instance: proc:inst|regn:reg_0 ;
+----------------+-------+------------------------------------------+
; Parameter Name ; Value ; Type                                     ;
+----------------+-------+------------------------------------------+
; n              ; 9     ; Signed Integer                           ;
+----------------+-------+------------------------------------------+
Note: In order to hide this table in the UI and the text report file, please set the "Show Parameter Settings in Synthesis Report" option in "Analysis and Synthesis Settings -> More Settings" to "Off".


+-------------------------------------------------------------------+
; Parameter Settings for User Entity Instance: proc:inst|regn:reg_1 ;
+----------------+-------+------------------------------------------+
; Parameter Name ; Value ; Type                                     ;
+----------------+-------+------------------------------------------+
; n              ; 9     ; Signed Integer                           ;
+----------------+-------+------------------------------------------+
Note: In order to hide this table in the UI and the text report file, please set the "Show Parameter Settings in Synthesis Report" option in "Analysis and Synthesis Settings -> More Settings" to "Off".


+-------------------------------------------------------------------+
; Parameter Settings for User Entity Instance: proc:inst|regn:reg_2 ;
+----------------+-------+------------------------------------------+
; Parameter Name ; Value ; Type                                     ;
+----------------+-------+------------------------------------------+
; n              ; 9     ; Signed Integer                           ;
+----------------+-------+------------------------------------------+
Note: In order to hide this table in the UI and the text report file, please set the "Show Parameter Settings in Synthesis Report" option in "Analysis and Synthesis Settings -> More Settings" to "Off".


+-------------------------------------------------------------------+
; Parameter Settings for User Entity Instance: proc:inst|regn:reg_3 ;
+----------------+-------+------------------------------------------+
; Parameter Name ; Value ; Type                                     ;
+----------------+-------+------------------------------------------+
; n              ; 9     ; Signed Integer                           ;
+----------------+-------+------------------------------------------+
Note: In order to hide this table in the UI and the text report file, please set the "Show Parameter Settings in Synthesis Report" option in "Analysis and Synthesis Settings -> More Settings" to "Off".


+-------------------------------------------------------------------+
; Parameter Settings for User Entity Instance: proc:inst|regn:reg_4 ;
+----------------+-------+------------------------------------------+
; Parameter Name ; Value ; Type                                     ;
+----------------+-------+------------------------------------------+
; n              ; 9     ; Signed Integer                           ;
+----------------+-------+------------------------------------------+
Note: In order to hide this table in the UI and the text report file, please set the "Show Parameter Settings in Synthesis Report" option in "Analysis and Synthesis Settings -> More Settings" to "Off".


+-------------------------------------------------------------------+
; Parameter Settings for User Entity Instance: proc:inst|regn:reg_5 ;
+----------------+-------+------------------------------------------+
; Parameter Name ; Value ; Type                                     ;
+----------------+-------+------------------------------------------+
; n              ; 9     ; Signed Integer                           ;
+----------------+-------+------------------------------------------+
Note: In order to hide this table in the UI and the text report file, please set the "Show Parameter Settings in Synthesis Report" option in "Analysis and Synthesis Settings -> More Settings" to "Off".


+-------------------------------------------------------------------+
; Parameter Settings for User Entity Instance: proc:inst|regn:reg_6 ;
+----------------+-------+------------------------------------------+
; Parameter Name ; Value ; Type                                     ;
+----------------+-------+------------------------------------------+
; n              ; 9     ; Signed Integer                           ;
+----------------+-------+------------------------------------------+
Note: In order to hide this table in the UI and the text report file, please set the "Show Parameter Settings in Synthesis Report" option in "Analysis and Synthesis Settings -> More Settings" to "Off".


+-------------------------------------------------------------------+
; Parameter Settings for User Entity Instance: proc:inst|regn:reg_7 ;
+----------------+-------+------------------------------------------+
; Parameter Name ; Value ; Type                                     ;
+----------------+-------+------------------------------------------+
; n              ; 9     ; Signed Integer                           ;
+----------------+-------+------------------------------------------+
Note: In order to hide this table in the UI and the text report file, please set the "Show Parameter Settings in Synthesis Report" option in "Analysis and Synthesis Settings -> More Settings" to "Off".


+--------------------------------------------------------------------+
; Parameter Settings for User Entity Instance: proc:inst|regn:reg_IR ;
+----------------+-------+-------------------------------------------+
; Parameter Name ; Value ; Type                                      ;
+----------------+-------+-------------------------------------------+
; n              ; 9     ; Signed Integer                            ;
+----------------+-------+-------------------------------------------+
Note: In order to hide this table in the UI and the text report file, please set the "Show Parameter Settings in Synthesis Report" option in "Analysis and Synthesis Settings -> More Settings" to "Off".


+-------------------------------------------------------------------+
; Parameter Settings for User Entity Instance: proc:inst|regn:reg_A ;
+----------------+-------+------------------------------------------+
; Parameter Name ; Value ; Type                                     ;
+----------------+-------+------------------------------------------+
; n              ; 9     ; Signed Integer                           ;
+----------------+-------+------------------------------------------+
Note: In order to hide this table in the UI and the text report file, please set the "Show Parameter Settings in Synthesis Report" option in "Analysis and Synthesis Settings -> More Settings" to "Off".


+-------------------------------------------------------------------+
; Parameter Settings for User Entity Instance: proc:inst|regn:reg_G ;
+----------------+-------+------------------------------------------+
; Parameter Name ; Value ; Type                                     ;
+----------------+-------+------------------------------------------+
; n              ; 9     ; Signed Integer                           ;
+----------------+-------+------------------------------------------+
Note: In order to hide this table in the UI and the text report file, please set the "Show Parameter Settings in Synthesis Report" option in "Analysis and Synthesis Settings -> More Settings" to "Off".


+----------------------------------------------------------------------------------------------------+
; Parameter Settings for User Entity Instance: proc:inst|addsub:AS|lpm_add_sub:LPM_ADD_SUB_component ;
+------------------------+---------------+-----------------------------------------------------------+
; Parameter Name         ; Value         ; Type                                                      ;
+------------------------+---------------+-----------------------------------------------------------+
; LPM_WIDTH              ; 9             ; Signed Integer                                            ;
; LPM_REPRESENTATION     ; UNSIGNED      ; Untyped                                                   ;
; LPM_DIRECTION          ; DEFAULT       ; Untyped                                                   ;
; ONE_INPUT_IS_CONSTANT  ; NO            ; Untyped                                                   ;
; LPM_PIPELINE           ; 0             ; Untyped                                                   ;
; MAXIMIZE_SPEED         ; 5             ; Untyped                                                   ;
; REGISTERED_AT_END      ; 0             ; Untyped                                                   ;
; OPTIMIZE_FOR_SPEED     ; 5             ; Untyped                                                   ;
; USE_CS_BUFFERS         ; 1             ; Untyped                                                   ;
; CARRY_CHAIN            ; MANUAL        ; Untyped                                                   ;
; CARRY_CHAIN_LENGTH     ; 48            ; CARRY_CHAIN_LENGTH                                        ;
; DEVICE_FAMILY          ; Cyclone IV GX ; Untyped                                                   ;
; USE_WYS                ; OFF           ; Untyped                                                   ;
; STYLE                  ; FAST          ; Untyped                                                   ;
; CBXI_PARAMETER         ; add_sub_oqg   ; Untyped                                                   ;
; AUTO_CARRY_CHAINS      ; ON            ; AUTO_CARRY                                                ;
; IGNORE_CARRY_BUFFERS   ; OFF           ; IGNORE_CARRY                                              ;
; AUTO_CASCADE_CHAINS    ; ON            ; AUTO_CASCADE                                              ;
; IGNORE_CASCADE_BUFFERS ; OFF           ; IGNORE_CASCADE                                            ;
+------------------------+---------------+-----------------------------------------------------------+
Note: In order to hide this table in the UI and the text report file, please set the "Show Parameter Settings in Synthesis Report" option in "Analysis and Synthesis Settings -> More Settings" to "Off".


+---------------------------------------------------------------------------------------------+
; Parameter Settings for User Entity Instance: inst_mem:inst2|altsyncram:altsyncram_component ;
+------------------------------------+----------------------+---------------------------------+
; Parameter Name                     ; Value                ; Type                            ;
+------------------------------------+----------------------+---------------------------------+
; BYTE_SIZE_BLOCK                    ; 8                    ; Untyped                         ;
; AUTO_CARRY_CHAINS                  ; ON                   ; AUTO_CARRY                      ;
; IGNORE_CARRY_BUFFERS               ; OFF                  ; IGNORE_CARRY                    ;
; AUTO_CASCADE_CHAINS                ; ON                   ; AUTO_CASCADE                    ;
; IGNORE_CASCADE_BUFFERS             ; OFF                  ; IGNORE_CASCADE                  ;
; WIDTH_BYTEENA                      ; 1                    ; Untyped                         ;
; OPERATION_MODE                     ; ROM                  ; Untyped                         ;
; WIDTH_A                            ; 9                    ; Signed Integer                  ;
; WIDTHAD_A                          ; 5                    ; Signed Integer                  ;
; NUMWORDS_A                         ; 32                   ; Signed Integer                  ;
; OUTDATA_REG_A                      ; UNREGISTERED         ; Untyped                         ;
; ADDRESS_ACLR_A                     ; NONE                 ; Untyped                         ;
; OUTDATA_ACLR_A                     ; NONE                 ; Untyped                         ;
; WRCONTROL_ACLR_A                   ; NONE                 ; Untyped                         ;
; INDATA_ACLR_A                      ; NONE                 ; Untyped                         ;
; BYTEENA_ACLR_A                     ; NONE                 ; Untyped                         ;
; WIDTH_B                            ; 1                    ; Untyped                         ;
; WIDTHAD_B                          ; 1                    ; Untyped                         ;
; NUMWORDS_B                         ; 1                    ; Untyped                         ;
; INDATA_REG_B                       ; CLOCK1               ; Untyped                         ;
; WRCONTROL_WRADDRESS_REG_B          ; CLOCK1               ; Untyped                         ;
; RDCONTROL_REG_B                    ; CLOCK1               ; Untyped                         ;
; ADDRESS_REG_B                      ; CLOCK1               ; Untyped                         ;
; OUTDATA_REG_B                      ; UNREGISTERED         ; Untyped                         ;
; BYTEENA_REG_B                      ; CLOCK1               ; Untyped                         ;
; INDATA_ACLR_B                      ; NONE                 ; Untyped                         ;
; WRCONTROL_ACLR_B                   ; NONE                 ; Untyped                         ;
; ADDRESS_ACLR_B                     ; NONE                 ; Untyped                         ;
; OUTDATA_ACLR_B                     ; NONE                 ; Untyped                         ;
; RDCONTROL_ACLR_B                   ; NONE                 ; Untyped                         ;
; BYTEENA_ACLR_B                     ; NONE                 ; Untyped                         ;
; WIDTH_BYTEENA_A                    ; 1                    ; Signed Integer                  ;
; WIDTH_BYTEENA_B                    ; 1                    ; Untyped                         ;
; RAM_BLOCK_TYPE                     ; AUTO                 ; Untyped                         ;
; BYTE_SIZE                          ; 8                    ; Untyped                         ;
; READ_DURING_WRITE_MODE_MIXED_PORTS ; DONT_CARE            ; Untyped                         ;
; READ_DURING_WRITE_MODE_PORT_A      ; NEW_DATA_NO_NBE_READ ; Untyped                         ;
; READ_DURING_WRITE_MODE_PORT_B      ; NEW_DATA_NO_NBE_READ ; Untyped                         ;
; INIT_FILE                          ; inst_mem.mif         ; Untyped                         ;
; INIT_FILE_LAYOUT                   ; PORT_A               ; Untyped                         ;
; MAXIMUM_DEPTH                      ; 0                    ; Untyped                         ;
; CLOCK_ENABLE_INPUT_A               ; BYPASS               ; Untyped                         ;
; CLOCK_ENABLE_INPUT_B               ; NORMAL               ; Untyped                         ;
; CLOCK_ENABLE_OUTPUT_A              ; BYPASS               ; Untyped                         ;
; CLOCK_ENABLE_OUTPUT_B              ; NORMAL               ; Untyped                         ;
; CLOCK_ENABLE_CORE_A                ; USE_INPUT_CLKEN      ; Untyped                         ;
; CLOCK_ENABLE_CORE_B                ; USE_INPUT_CLKEN      ; Untyped                         ;
; ENABLE_ECC                         ; FALSE                ; Untyped                         ;
; ECC_PIPELINE_STAGE_ENABLED         ; FALSE                ; Untyped                         ;
; WIDTH_ECCSTATUS                    ; 3                    ; Untyped                         ;
; DEVICE_FAMILY                      ; Cyclone IV GX        ; Untyped                         ;
; CBXI_PARAMETER                     ; altsyncram_h7a1      ; Untyped                         ;
+------------------------------------+----------------------+---------------------------------+
Note: In order to hide this table in the UI and the text report file, please set the "Show Parameter Settings in Synthesis Report" option in "Analysis and Synthesis Settings -> More Settings" to "Off".


+-----------------------------------------------------------------+
; Parameter Settings for User Entity Instance: counter_modk:inst3 ;
+----------------+-------+----------------------------------------+
; Parameter Name ; Value ; Type                                   ;
+----------------+-------+----------------------------------------+
; n              ; 5     ; Unsigned Integer                       ;
; k              ; 32    ; Unsigned Integer                       ;
+----------------+-------+----------------------------------------+
Note: In order to hide this table in the UI and the text report file, please set the "Show Parameter Settings in Synthesis Report" option in "Analysis and Synthesis Settings -> More Settings" to "Off".


+--------------------------------------------------------------------------------------------+
; altsyncram Parameter Settings by Entity Instance                                           ;
+-------------------------------------------+------------------------------------------------+
; Name                                      ; Value                                          ;
+-------------------------------------------+------------------------------------------------+
; Number of entity instances                ; 1                                              ;
; Entity Instance                           ; inst_mem:inst2|altsyncram:altsyncram_component ;
;     -- OPERATION_MODE                     ; ROM                                            ;
;     -- WIDTH_A                            ; 9                                              ;
;     -- NUMWORDS_A                         ; 32                                             ;
;     -- OUTDATA_REG_A                      ; UNREGISTERED                                   ;
;     -- WIDTH_B                            ; 1                                              ;
;     -- NUMWORDS_B                         ; 1                                              ;
;     -- ADDRESS_REG_B                      ; CLOCK1                                         ;
;     -- OUTDATA_REG_B                      ; UNREGISTERED                                   ;
;     -- RAM_BLOCK_TYPE                     ; AUTO                                           ;
;     -- READ_DURING_WRITE_MODE_MIXED_PORTS ; DONT_CARE                                      ;
+-------------------------------------------+------------------------------------------------+


+----------------------------------------------------+
; Port Connectivity Checks: "proc:inst|dec3to8:decY" ;
+------+-------+----------+--------------------------+
; Port ; Type  ; Severity ; Details                  ;
+------+-------+----------+--------------------------+
; En   ; Input ; Info     ; Stuck at VCC             ;
+------+-------+----------+--------------------------+


+----------------------------------------------------+
; Port Connectivity Checks: "proc:inst|dec3to8:decX" ;
+------+-------+----------+--------------------------+
; Port ; Type  ; Severity ; Details                  ;
+------+-------+----------+--------------------------+
; En   ; Input ; Info     ; Stuck at VCC             ;
+------+-------+----------+--------------------------+


+-----------------------------------------------------+
; Post-Synthesis Netlist Statistics for Top Partition ;
+-----------------------+-----------------------------+
; Type                  ; Count                       ;
+-----------------------+-----------------------------+
; boundary_port         ; 29                          ;
; cycloneiii_ff         ; 108                         ;
;     CLR               ; 9                           ;
;     ENA               ; 99                          ;
; cycloneiii_lcell_comb ; 146                         ;
;     arith             ; 12                          ;
;         2 data inputs ; 2                           ;
;         3 data inputs ; 10                          ;
;     normal            ; 134                         ;
;         1 data inputs ; 2                           ;
;         2 data inputs ; 9                           ;
;         3 data inputs ; 32                          ;
;         4 data inputs ; 91                          ;
; cycloneiii_ram_block  ; 9                           ;
;                       ;                             ;
; Max LUT depth         ; 10.60                       ;
; Average LUT depth     ; 7.04                        ;
+-----------------------+-----------------------------+


+-------------------------------+
; Elapsed Time Per Partition    ;
+----------------+--------------+
; Partition Name ; Elapsed Time ;
+----------------+--------------+
; Top            ; 00:00:00     ;
+----------------+--------------+


+-------------------------------+
; Analysis & Synthesis Messages ;
+-------------------------------+
Info: *******************************************************************
Info: Running Quartus Prime Analysis & Synthesis
    Info: Version 21.1.1 Build 850 06/23/2022 SJ Lite Edition
    Info: Processing started: Fri Dec 16 22:50:08 2022
Info: Command: quartus_map --read_settings_files=on --write_settings_files=off Lab9_and_Lab10 -c Lab9_and_Lab10
Warning (18236): Number of processors has not been specified which may cause overloading on shared machines.  Set the global assignment NUM_PARALLEL_PROCESSORS in your QSF to an appropriate value for best performance.
Info (20030): Parallel compilation is enabled and will use 6 of the 6 processors detected
Info (12021): Found 1 design units, including 1 entities, in source file counter_modk.v
    Info (12023): Found entity 1: counter_modk File: C:/Users/ADMIN/Documents/FPGA/Lab9_and_Lab10/counter_modk.v Line: 1
Info (12021): Found 1 design units, including 1 entities, in source file proc.v
    Info (12023): Found entity 1: proc File: C:/Users/ADMIN/Documents/FPGA/Lab9_and_Lab10/proc.v Line: 1
Info (12021): Found 1 design units, including 1 entities, in source file lab9part1.bdf
    Info (12023): Found entity 1: Lab9Part1
Info (12021): Found 1 design units, including 1 entities, in source file regn.v
    Info (12023): Found entity 1: regn File: C:/Users/ADMIN/Documents/FPGA/Lab9_and_Lab10/regn.v Line: 1
Info (12021): Found 1 design units, including 1 entities, in source file dec3to8.v
    Info (12023): Found entity 1: dec3to8 File: C:/Users/ADMIN/Documents/FPGA/Lab9_and_Lab10/dec3to8.v Line: 1
Info (12021): Found 1 design units, including 1 entities, in source file addsub.v
    Info (12023): Found entity 1: addsub File: C:/Users/ADMIN/Documents/FPGA/Lab9_and_Lab10/addsub.v Line: 40
Info (12021): Found 1 design units, including 1 entities, in source file inst_mem.v
    Info (12023): Found entity 1: inst_mem File: C:/Users/ADMIN/Documents/FPGA/Lab9_and_Lab10/inst_mem.v Line: 40
Info (12021): Found 1 design units, including 1 entities, in source file lab9part2.bdf
    Info (12023): Found entity 1: Lab9Part2
Info (12127): Elaborating entity "Lab9Part2" for the top level hierarchy
Info (12128): Elaborating entity "proc" for hierarchy "proc:inst"
Warning (10270): Verilog HDL Case Statement warning at proc.v(81): incomplete case statement has no default case item File: C:/Users/ADMIN/Documents/FPGA/Lab9_and_Lab10/proc.v Line: 81
Warning (10270): Verilog HDL Case Statement warning at proc.v(109): incomplete case statement has no default case item File: C:/Users/ADMIN/Documents/FPGA/Lab9_and_Lab10/proc.v Line: 109
Warning (10270): Verilog HDL Case Statement warning at proc.v(123): incomplete case statement has no default case item File: C:/Users/ADMIN/Documents/FPGA/Lab9_and_Lab10/proc.v Line: 123
Warning (10235): Verilog HDL Always Construct warning at proc.v(164): variable "DIN" is read inside the Always Construct but isn't in the Always Construct's Event Control File: C:/Users/ADMIN/Documents/FPGA/Lab9_and_Lab10/proc.v Line: 164
Warning (10235): Verilog HDL Always Construct warning at proc.v(165): variable "G" is read inside the Always Construct but isn't in the Always Construct's Event Control File: C:/Users/ADMIN/Documents/FPGA/Lab9_and_Lab10/proc.v Line: 165
Warning (10235): Verilog HDL Always Construct warning at proc.v(166): variable "R0" is read inside the Always Construct but isn't in the Always Construct's Event Control File: C:/Users/ADMIN/Documents/FPGA/Lab9_and_Lab10/proc.v Line: 166
Warning (10235): Verilog HDL Always Construct warning at proc.v(167): variable "R1" is read inside the Always Construct but isn't in the Always Construct's Event Control File: C:/Users/ADMIN/Documents/FPGA/Lab9_and_Lab10/proc.v Line: 167
Warning (10235): Verilog HDL Always Construct warning at proc.v(168): variable "R2" is read inside the Always Construct but isn't in the Always Construct's Event Control File: C:/Users/ADMIN/Documents/FPGA/Lab9_and_Lab10/proc.v Line: 168
Warning (10235): Verilog HDL Always Construct warning at proc.v(169): variable "R3" is read inside the Always Construct but isn't in the Always Construct's Event Control File: C:/Users/ADMIN/Documents/FPGA/Lab9_and_Lab10/proc.v Line: 169
Warning (10235): Verilog HDL Always Construct warning at proc.v(170): variable "R4" is read inside the Always Construct but isn't in the Always Construct's Event Control File: C:/Users/ADMIN/Documents/FPGA/Lab9_and_Lab10/proc.v Line: 170
Warning (10235): Verilog HDL Always Construct warning at proc.v(171): variable "R5" is read inside the Always Construct but isn't in the Always Construct's Event Control File: C:/Users/ADMIN/Documents/FPGA/Lab9_and_Lab10/proc.v Line: 171
Warning (10235): Verilog HDL Always Construct warning at proc.v(172): variable "R6" is read inside the Always Construct but isn't in the Always Construct's Event Control File: C:/Users/ADMIN/Documents/FPGA/Lab9_and_Lab10/proc.v Line: 172
Warning (10235): Verilog HDL Always Construct warning at proc.v(173): variable "R7" is read inside the Always Construct but isn't in the Always Construct's Event Control File: C:/Users/ADMIN/Documents/FPGA/Lab9_and_Lab10/proc.v Line: 173
Info (10264): Verilog HDL Case Statement information at proc.v(163): all case item expressions in this case statement are onehot File: C:/Users/ADMIN/Documents/FPGA/Lab9_and_Lab10/proc.v Line: 163
Info (12128): Elaborating entity "dec3to8" for hierarchy "proc:inst|dec3to8:decX" File: C:/Users/ADMIN/Documents/FPGA/Lab9_and_Lab10/proc.v Line: 22
Info (12128): Elaborating entity "regn" for hierarchy "proc:inst|regn:reg_0" File: C:/Users/ADMIN/Documents/FPGA/Lab9_and_Lab10/proc.v Line: 141
Info (12128): Elaborating entity "addsub" for hierarchy "proc:inst|addsub:AS" File: C:/Users/ADMIN/Documents/FPGA/Lab9_and_Lab10/proc.v Line: 154
Info (12128): Elaborating entity "lpm_add_sub" for hierarchy "proc:inst|addsub:AS|lpm_add_sub:LPM_ADD_SUB_component" File: C:/Users/ADMIN/Documents/FPGA/Lab9_and_Lab10/addsub.v Line: 68
Info (12130): Elaborated megafunction instantiation "proc:inst|addsub:AS|lpm_add_sub:LPM_ADD_SUB_component" File: C:/Users/ADMIN/Documents/FPGA/Lab9_and_Lab10/addsub.v Line: 68
Info (12133): Instantiated megafunction "proc:inst|addsub:AS|lpm_add_sub:LPM_ADD_SUB_component" with the following parameter: File: C:/Users/ADMIN/Documents/FPGA/Lab9_and_Lab10/addsub.v Line: 68
    Info (12134): Parameter "lpm_direction" = "UNUSED"
    Info (12134): Parameter "lpm_hint" = "ONE_INPUT_IS_CONSTANT=NO,CIN_USED=NO"
    Info (12134): Parameter "lpm_representation" = "UNSIGNED"
    Info (12134): Parameter "lpm_type" = "LPM_ADD_SUB"
    Info (12134): Parameter "lpm_width" = "9"
Info (12021): Found 1 design units, including 1 entities, in source file db/add_sub_oqg.tdf
    Info (12023): Found entity 1: add_sub_oqg File: C:/Users/ADMIN/Documents/FPGA/Lab9_and_Lab10/db/add_sub_oqg.tdf Line: 23
Info (12128): Elaborating entity "add_sub_oqg" for hierarchy "proc:inst|addsub:AS|lpm_add_sub:LPM_ADD_SUB_component|add_sub_oqg:auto_generated" File: d:/intelfpga_lite/21.1/quartus/libraries/megafunctions/lpm_add_sub.tdf Line: 119
Info (12128): Elaborating entity "inst_mem" for hierarchy "inst_mem:inst2"
Info (12128): Elaborating entity "altsyncram" for hierarchy "inst_mem:inst2|altsyncram:altsyncram_component" File: C:/Users/ADMIN/Documents/FPGA/Lab9_and_Lab10/inst_mem.v Line: 82
Info (12130): Elaborated megafunction instantiation "inst_mem:inst2|altsyncram:altsyncram_component" File: C:/Users/ADMIN/Documents/FPGA/Lab9_and_Lab10/inst_mem.v Line: 82
Info (12133): Instantiated megafunction "inst_mem:inst2|altsyncram:altsyncram_component" with the following parameter: File: C:/Users/ADMIN/Documents/FPGA/Lab9_and_Lab10/inst_mem.v Line: 82
    Info (12134): Parameter "address_aclr_a" = "NONE"
    Info (12134): Parameter "clock_enable_input_a" = "BYPASS"
    Info (12134): Parameter "clock_enable_output_a" = "BYPASS"
    Info (12134): Parameter "init_file" = "inst_mem.mif"
    Info (12134): Parameter "intended_device_family" = "Cyclone IV GX"
    Info (12134): Parameter "lpm_hint" = "ENABLE_RUNTIME_MOD=NO"
    Info (12134): Parameter "lpm_type" = "altsyncram"
    Info (12134): Parameter "numwords_a" = "32"
    Info (12134): Parameter "operation_mode" = "ROM"
    Info (12134): Parameter "outdata_aclr_a" = "NONE"
    Info (12134): Parameter "outdata_reg_a" = "UNREGISTERED"
    Info (12134): Parameter "widthad_a" = "5"
    Info (12134): Parameter "width_a" = "9"
    Info (12134): Parameter "width_byteena_a" = "1"
Info (12021): Found 1 design units, including 1 entities, in source file db/altsyncram_h7a1.tdf
    Info (12023): Found entity 1: altsyncram_h7a1 File: C:/Users/ADMIN/Documents/FPGA/Lab9_and_Lab10/db/altsyncram_h7a1.tdf Line: 28
Info (12128): Elaborating entity "altsyncram_h7a1" for hierarchy "inst_mem:inst2|altsyncram:altsyncram_component|altsyncram_h7a1:auto_generated" File: d:/intelfpga_lite/21.1/quartus/libraries/megafunctions/altsyncram.tdf Line: 792
Info (12128): Elaborating entity "counter_modk" for hierarchy "counter_modk:inst3"
Info (286030): Timing-Driven Synthesis is running
Info (17049): 3 registers lost all their fanouts during netlist optimizations.
Info (16010): Generating hard_block partition "hard_block:auto_generated_inst"
    Info (16011): Adding 0 node(s), including 0 DDIO, 0 PLL, 0 transceiver and 0 LCELL
Info (21057): Implemented 276 device resources after synthesis - the final resource count might be different
    Info (21058): Implemented 5 input pins
    Info (21059): Implemented 24 output pins
    Info (21061): Implemented 238 logic cells
    Info (21064): Implemented 9 RAM segments
Info: Quartus Prime Analysis & Synthesis was successful. 0 errors, 14 warnings
    Info: Peak virtual memory: 4900 megabytes
    Info: Processing ended: Fri Dec 16 22:50:14 2022
    Info: Elapsed time: 00:00:06
    Info: Total CPU time (on all processors): 00:00:06


