Analysis & Synthesis report for Lab7
Fri Dec 16 02:29:38 2022
Quartus Prime Version 21.1.1 Build 850 06/23/2022 SJ Lite Edition


---------------------
; Table of Contents ;
---------------------
  1. Legal Notice
  2. Analysis & Synthesis Summary
  3. Analysis & Synthesis Settings
  4. Parallel Compilation
  5. Analysis & Synthesis Source Files Read
  6. Analysis & Synthesis Resource Usage Summary
  7. Analysis & Synthesis Resource Utilization by Entity
  8. State Machine - |part4|complete_morse_decoder:D0|morse_decoder_fsm:M0|y_Q
  9. Registers Removed During Synthesis
 10. General Register Statistics
 11. Parameter Settings for User Entity Instance: counter_modk:C0
 12. Parameter Settings for User Entity Instance: complete_morse_decoder:D0|morse_decoder_fsm:M0
 13. Port Connectivity Checks: "counter_modk:C0"
 14. Post-Synthesis Netlist Statistics for Top Partition
 15. Elapsed Time Per Partition
 16. Analysis & Synthesis Messages



----------------
; Legal Notice ;
----------------
Copyright (C) 2022  Intel Corporation. All rights reserved.
Your use of Intel Corporation's design tools, logic functions 
and other software and tools, and any partner logic 
functions, and any output files from any of the foregoing 
(including device programming or simulation files), and any 
associated documentation or information are expressly subject 
to the terms and conditions of the Intel Program License 
Subscription Agreement, the Intel Quartus Prime License Agreement,
the Intel FPGA IP License Agreement, or other applicable license
agreement, including, without limitation, that your use is for
the sole purpose of programming logic devices manufactured by
Intel and sold by Intel or its authorized distributors.  Please
refer to the applicable agreement for further details, at
https://fpgasoftware.intel.com/eula.



+----------------------------------------------------------------------------------+
; Analysis & Synthesis Summary                                                     ;
+------------------------------------+---------------------------------------------+
; Analysis & Synthesis Status        ; Successful - Fri Dec 16 02:29:38 2022       ;
; Quartus Prime Version              ; 21.1.1 Build 850 06/23/2022 SJ Lite Edition ;
; Revision Name                      ; Lab7                                        ;
; Top-level Entity Name              ; part4                                       ;
; Family                             ; Cyclone IV GX                               ;
; Total logic elements               ; 75                                          ;
;     Total combinational functions  ; 75                                          ;
;     Dedicated logic registers      ; 37                                          ;
; Total registers                    ; 37                                          ;
; Total pins                         ; 8                                           ;
; Total virtual pins                 ; 0                                           ;
; Total memory bits                  ; 0                                           ;
; Embedded Multiplier 9-bit elements ; 0                                           ;
; Total GXB Receiver Channel PCS     ; 0                                           ;
; Total GXB Receiver Channel PMA     ; 0                                           ;
; Total GXB Transmitter Channel PCS  ; 0                                           ;
; Total GXB Transmitter Channel PMA  ; 0                                           ;
; Total PLLs                         ; 0                                           ;
+------------------------------------+---------------------------------------------+


+------------------------------------------------------------------------------------------------------------+
; Analysis & Synthesis Settings                                                                              ;
+------------------------------------------------------------------+--------------------+--------------------+
; Option                                                           ; Setting            ; Default Value      ;
+------------------------------------------------------------------+--------------------+--------------------+
; Device                                                           ; EP4CGX150DF31C7    ;                    ;
; Top-level entity name                                            ; part4              ; Lab7               ;
; Family name                                                      ; Cyclone IV GX      ; Cyclone V          ;
; State Machine Processing                                         ; User-Encoded       ; Auto               ;
; Use smart compilation                                            ; Off                ; Off                ;
; Enable parallel Assembler and Timing Analyzer during compilation ; On                 ; On                 ;
; Enable compact report table                                      ; Off                ; Off                ;
; Restructure Multiplexers                                         ; Auto               ; Auto               ;
; Create Debugging Nodes for IP Cores                              ; Off                ; Off                ;
; Preserve fewer node names                                        ; On                 ; On                 ;
; Intel FPGA IP Evaluation Mode                                    ; Enable             ; Enable             ;
; Verilog Version                                                  ; Verilog_2001       ; Verilog_2001       ;
; VHDL Version                                                     ; VHDL_1993          ; VHDL_1993          ;
; Safe State Machine                                               ; Off                ; Off                ;
; Extract Verilog State Machines                                   ; On                 ; On                 ;
; Extract VHDL State Machines                                      ; On                 ; On                 ;
; Ignore Verilog initial constructs                                ; Off                ; Off                ;
; Iteration limit for constant Verilog loops                       ; 5000               ; 5000               ;
; Iteration limit for non-constant Verilog loops                   ; 250                ; 250                ;
; Add Pass-Through Logic to Inferred RAMs                          ; On                 ; On                 ;
; Infer RAMs from Raw Logic                                        ; On                 ; On                 ;
; Parallel Synthesis                                               ; On                 ; On                 ;
; DSP Block Balancing                                              ; Auto               ; Auto               ;
; NOT Gate Push-Back                                               ; On                 ; On                 ;
; Power-Up Don't Care                                              ; On                 ; On                 ;
; Remove Redundant Logic Cells                                     ; Off                ; Off                ;
; Remove Duplicate Registers                                       ; On                 ; On                 ;
; Ignore CARRY Buffers                                             ; Off                ; Off                ;
; Ignore CASCADE Buffers                                           ; Off                ; Off                ;
; Ignore GLOBAL Buffers                                            ; Off                ; Off                ;
; Ignore ROW GLOBAL Buffers                                        ; Off                ; Off                ;
; Ignore LCELL Buffers                                             ; Off                ; Off                ;
; Ignore SOFT Buffers                                              ; On                 ; On                 ;
; Limit AHDL Integers to 32 Bits                                   ; Off                ; Off                ;
; Optimization Technique                                           ; Balanced           ; Balanced           ;
; Carry Chain Length                                               ; 70                 ; 70                 ;
; Auto Carry Chains                                                ; On                 ; On                 ;
; Auto Open-Drain Pins                                             ; On                 ; On                 ;
; Perform WYSIWYG Primitive Resynthesis                            ; Off                ; Off                ;
; Auto ROM Replacement                                             ; On                 ; On                 ;
; Auto RAM Replacement                                             ; On                 ; On                 ;
; Auto DSP Block Replacement                                       ; On                 ; On                 ;
; Auto Shift Register Replacement                                  ; Auto               ; Auto               ;
; Allow Shift Register Merging across Hierarchies                  ; Auto               ; Auto               ;
; Auto Clock Enable Replacement                                    ; On                 ; On                 ;
; Strict RAM Replacement                                           ; Off                ; Off                ;
; Allow Synchronous Control Signals                                ; On                 ; On                 ;
; Force Use of Synchronous Clear Signals                           ; Off                ; Off                ;
; Auto RAM Block Balancing                                         ; On                 ; On                 ;
; Auto RAM to Logic Cell Conversion                                ; Off                ; Off                ;
; Auto Resource Sharing                                            ; Off                ; Off                ;
; Allow Any RAM Size For Recognition                               ; Off                ; Off                ;
; Allow Any ROM Size For Recognition                               ; Off                ; Off                ;
; Allow Any Shift Register Size For Recognition                    ; Off                ; Off                ;
; Use LogicLock Constraints during Resource Balancing              ; On                 ; On                 ;
; Ignore translate_off and synthesis_off directives                ; Off                ; Off                ;
; Timing-Driven Synthesis                                          ; On                 ; On                 ;
; Report Parameter Settings                                        ; On                 ; On                 ;
; Report Source Assignments                                        ; On                 ; On                 ;
; Report Connectivity Checks                                       ; On                 ; On                 ;
; Ignore Maximum Fan-Out Assignments                               ; Off                ; Off                ;
; Synchronization Register Chain Length                            ; 2                  ; 2                  ;
; Power Optimization During Synthesis                              ; Normal compilation ; Normal compilation ;
; HDL message level                                                ; Level2             ; Level2             ;
; Suppress Register Optimization Related Messages                  ; Off                ; Off                ;
; Number of Removed Registers Reported in Synthesis Report         ; 5000               ; 5000               ;
; Number of Swept Nodes Reported in Synthesis Report               ; 5000               ; 5000               ;
; Number of Inverted Registers Reported in Synthesis Report        ; 100                ; 100                ;
; Clock MUX Protection                                             ; On                 ; On                 ;
; Auto Gated Clock Conversion                                      ; Off                ; Off                ;
; Block Design Naming                                              ; Auto               ; Auto               ;
; SDC constraint protection                                        ; Off                ; Off                ;
; Synthesis Effort                                                 ; Auto               ; Auto               ;
; Shift Register Replacement - Allow Asynchronous Clear Signal     ; On                 ; On                 ;
; Pre-Mapping Resynthesis Optimization                             ; Off                ; Off                ;
; Analysis & Synthesis Message Level                               ; Medium             ; Medium             ;
; Disable Register Merging Across Hierarchies                      ; Auto               ; Auto               ;
; Resource Aware Inference For Block RAM                           ; On                 ; On                 ;
+------------------------------------------------------------------+--------------------+--------------------+


+------------------------------------------+
; Parallel Compilation                     ;
+----------------------------+-------------+
; Processors                 ; Number      ;
+----------------------------+-------------+
; Number detected on machine ; 12          ;
; Maximum allowed            ; 6           ;
;                            ;             ;
; Average used               ; 1.00        ;
; Maximum used               ; 6           ;
;                            ;             ;
; Usage by Processor         ; % Time Used ;
;     Processor 1            ; 100.0%      ;
;     Processors 2-6         ;   0.0%      ;
+----------------------------+-------------+


+-----------------------------------------------------------------------------------------------------------------------------------------------------+
; Analysis & Synthesis Source Files Read                                                                                                              ;
+----------------------------------+-----------------+------------------------+-------------------------------------------------------------+---------+
; File Name with User-Entered Path ; Used in Netlist ; File Type              ; File Name with Absolute Path                                ; Library ;
+----------------------------------+-----------------+------------------------+-------------------------------------------------------------+---------+
; counter_modk.v                   ; yes             ; User Verilog HDL File  ; C:/Users/ADMIN/Documents/FPGA/Lab7/counter_modk.v           ;         ;
; complete_morse_decoder.v         ; yes             ; User Verilog HDL File  ; C:/Users/ADMIN/Documents/FPGA/Lab7/complete_morse_decoder.v ;         ;
; select_character.v               ; yes             ; User Verilog HDL File  ; C:/Users/ADMIN/Documents/FPGA/Lab7/select_character.v       ;         ;
; Part4.v                          ; yes             ; User Verilog HDL File  ; C:/Users/ADMIN/Documents/FPGA/Lab7/Part4.v                  ;         ;
; morse_decoder_fsm.v              ; yes             ; User Verilog HDL File  ; C:/Users/ADMIN/Documents/FPGA/Lab7/morse_decoder_fsm.v      ;         ;
+----------------------------------+-----------------+------------------------+-------------------------------------------------------------+---------+


+---------------------------------------------+
; Analysis & Synthesis Resource Usage Summary ;
+--------------------------+------------------+
; Resource                 ; Usage            ;
+--------------------------+------------------+
; I/O pins                 ; 8                ;
;                          ;                  ;
; DSP block 9-bit elements ; 0                ;
;                          ;                  ;
; Maximum fan-out node     ; KEY[0]~input     ;
; Maximum fan-out          ; 30               ;
; Total fan-out            ; 344              ;
; Average fan-out          ; 2.69             ;
+--------------------------+------------------+


+-----------------------------------------------------------------------------------------------------------------------------------------------------------------------------------------------------------------------------------------------------------------------+
; Analysis & Synthesis Resource Utilization by Entity                                                                                                                                                                                                                   ;
+--------------------------------+---------------------+---------------------------+-------------+--------------+---------+-----------+-----------+------+--------------+-------------------------------------------------------+------------------------+--------------+
; Compilation Hierarchy Node     ; Combinational ALUTs ; Dedicated Logic Registers ; Memory Bits ; DSP Elements ; DSP 9x9 ; DSP 18x18 ; DSP 36x36 ; Pins ; Virtual Pins ; Full Hierarchy Name                                   ; Entity Name            ; Library Name ;
+--------------------------------+---------------------+---------------------------+-------------+--------------+---------+-----------+-----------+------+--------------+-------------------------------------------------------+------------------------+--------------+
; |part4                         ; 75 (0)              ; 37 (0)                    ; 0           ; 0            ; 0       ; 0         ; 0         ; 8    ; 0            ; |part4                                                ; part4                  ; work         ;
;    |complete_morse_decoder:D0| ; 19 (0)              ; 11 (0)                    ; 0           ; 0            ; 0       ; 0         ; 0         ; 0    ; 0            ; |part4|complete_morse_decoder:D0                      ; complete_morse_decoder ; work         ;
;       |morse_decoder_fsm:M0|   ; 12 (12)             ; 4 (4)                     ; 0           ; 0            ; 0       ; 0         ; 0         ; 0    ; 0            ; |part4|complete_morse_decoder:D0|morse_decoder_fsm:M0 ; morse_decoder_fsm      ; work         ;
;       |select_character:S0|    ; 7 (7)               ; 7 (7)                     ; 0           ; 0            ; 0       ; 0         ; 0         ; 0    ; 0            ; |part4|complete_morse_decoder:D0|select_character:S0  ; select_character       ; work         ;
;    |counter_modk:C0|           ; 56 (56)             ; 26 (26)                   ; 0           ; 0            ; 0       ; 0         ; 0         ; 0    ; 0            ; |part4|counter_modk:C0                                ; counter_modk           ; work         ;
+--------------------------------+---------------------+---------------------------+-------------+--------------+---------+-----------+-----------+------+--------------+-------------------------------------------------------+------------------------+--------------+
Note: For table entries with two numbers listed, the numbers in parentheses indicate the number of resources of the given type used by the specific entity alone. The numbers listed outside of parentheses indicate the total resources of the given type used by the specific entity and all of its sub-entities in the hierarchy.


Encoding Type:  User-Encoded
+---------------------------------------------------------------------------+
; State Machine - |part4|complete_morse_decoder:D0|morse_decoder_fsm:M0|y_Q ;
+-------------+-------+-------+-------+-------------------------------------+
; Name        ; y_Q~7 ; y_Q~6 ; y_Q~5 ; y_Q~4                               ;
+-------------+-------+-------+-------+-------------------------------------+
; y_Q.state0  ; 0     ; 0     ; 0     ; 0                                   ;
; y_Q.state1  ; 0     ; 0     ; 0     ; 1                                   ;
; y_Q.state2  ; 0     ; 0     ; 1     ; 0                                   ;
; y_Q.state3  ; 0     ; 0     ; 1     ; 1                                   ;
; y_Q.state4  ; 0     ; 1     ; 0     ; 0                                   ;
; y_Q.state5  ; 0     ; 1     ; 0     ; 1                                   ;
; y_Q.state6  ; 0     ; 1     ; 1     ; 0                                   ;
; y_Q.state7  ; 0     ; 1     ; 1     ; 1                                   ;
; y_Q.state8  ; 1     ; 0     ; 0     ; 0                                   ;
; y_Q.state9  ; 1     ; 0     ; 0     ; 1                                   ;
; y_Q.state10 ; 1     ; 0     ; 1     ; 0                                   ;
; y_Q.state11 ; 1     ; 0     ; 1     ; 1                                   ;
; y_Q.state12 ; 1     ; 1     ; 0     ; 0                                   ;
; y_Q.state13 ; 1     ; 1     ; 0     ; 1                                   ;
+-------------+-------+-------+-------+-------------------------------------+


+-----------------------------------------------------------------------------------------------------------------------------------+
; Registers Removed During Synthesis                                                                                                ;
+-------------------------------------------------------------+---------------------------------------------------------------------+
; Register name                                               ; Reason for Removal                                                  ;
+-------------------------------------------------------------+---------------------------------------------------------------------+
; complete_morse_decoder:D0|select_character:S0|signal[0,2]   ; Stuck at GND due to stuck port data_in                              ;
; complete_morse_decoder:D0|select_character:S0|signal[11]    ; Stuck at VCC due to stuck port data_in                              ;
; complete_morse_decoder:D0|select_character:S0|signal[12,13] ; Stuck at GND due to stuck port data_in                              ;
; complete_morse_decoder:D0|select_character:S0|signal[9]     ; Merged with complete_morse_decoder:D0|select_character:S0|signal[7] ;
; complete_morse_decoder:D0|select_character:S0|signal[4]     ; Merged with complete_morse_decoder:D0|select_character:S0|signal[1] ;
; Total Number of Removed Registers = 7                       ;                                                                     ;
+-------------------------------------------------------------+---------------------------------------------------------------------+


+------------------------------------------------------+
; General Register Statistics                          ;
+----------------------------------------------+-------+
; Statistic                                    ; Value ;
+----------------------------------------------+-------+
; Total registers                              ; 37    ;
; Number of registers using Synchronous Clear  ; 0     ;
; Number of registers using Synchronous Load   ; 0     ;
; Number of registers using Asynchronous Clear ; 30    ;
; Number of registers using Asynchronous Load  ; 0     ;
; Number of registers using Clock Enable       ; 0     ;
; Number of registers using Preset             ; 0     ;
+----------------------------------------------+-------+


+--------------------------------------------------------------+
; Parameter Settings for User Entity Instance: counter_modk:C0 ;
+----------------+----------+----------------------------------+
; Parameter Name ; Value    ; Type                             ;
+----------------+----------+----------------------------------+
; n              ; 25       ; Signed Integer                   ;
; k              ; 25000000 ; Signed Integer                   ;
+----------------+----------+----------------------------------+
Note: In order to hide this table in the UI and the text report file, please set the "Show Parameter Settings in Synthesis Report" option in "Analysis and Synthesis Settings -> More Settings" to "Off".


+---------------------------------------------------------------------------------------------+
; Parameter Settings for User Entity Instance: complete_morse_decoder:D0|morse_decoder_fsm:M0 ;
+----------------+----------------------------------+-----------------------------------------+
; Parameter Name ; Value                            ; Type                                    ;
+----------------+----------------------------------+-----------------------------------------+
; state0         ; 00000000000000000000000000000000 ; Unsigned Binary                         ;
; state1         ; 00000000000000000000000000000001 ; Unsigned Binary                         ;
; state2         ; 00000000000000000000000000000010 ; Unsigned Binary                         ;
; state3         ; 00000000000000000000000000000011 ; Unsigned Binary                         ;
; state4         ; 00000000000000000000000000000100 ; Unsigned Binary                         ;
; state5         ; 00000000000000000000000000000101 ; Unsigned Binary                         ;
; state6         ; 00000000000000000000000000000110 ; Unsigned Binary                         ;
; state7         ; 00000000000000000000000000000111 ; Unsigned Binary                         ;
; state8         ; 00000000000000000000000000001000 ; Unsigned Binary                         ;
; state9         ; 00000000000000000000000000001001 ; Unsigned Binary                         ;
; state10        ; 00000000000000000000000000001010 ; Unsigned Binary                         ;
; state11        ; 00000000000000000000000000001011 ; Unsigned Binary                         ;
; state12        ; 00000000000000000000000000001100 ; Unsigned Binary                         ;
; state13        ; 00000000000000000000000000001101 ; Unsigned Binary                         ;
+----------------+----------------------------------+-----------------------------------------+
Note: In order to hide this table in the UI and the text report file, please set the "Show Parameter Settings in Synthesis Report" option in "Analysis and Synthesis Settings -> More Settings" to "Off".


+----------------------------------------------------------------------------------------------------------------+
; Port Connectivity Checks: "counter_modk:C0"                                                                    ;
+------+--------+----------+-------------------------------------------------------------------------------------+
; Port ; Type   ; Severity ; Details                                                                             ;
+------+--------+----------+-------------------------------------------------------------------------------------+
; Q    ; Output ; Info     ; Connected to dangling logic. Logic that only feeds a dangling port will be removed. ;
+------+--------+----------+-------------------------------------------------------------------------------------+


+-----------------------------------------------------+
; Post-Synthesis Netlist Statistics for Top Partition ;
+-----------------------+-----------------------------+
; Type                  ; Count                       ;
+-----------------------+-----------------------------+
; boundary_port         ; 8                           ;
; cycloneiii_ff         ; 37                          ;
;     CLR               ; 30                          ;
;     plain             ; 7                           ;
; cycloneiii_lcell_comb ; 76                          ;
;     arith             ; 24                          ;
;         2 data inputs ; 24                          ;
;     normal            ; 52                          ;
;         0 data inputs ; 1                           ;
;         1 data inputs ; 2                           ;
;         2 data inputs ; 2                           ;
;         3 data inputs ; 11                          ;
;         4 data inputs ; 36                          ;
;                       ;                             ;
; Max LUT depth         ; 5.00                        ;
; Average LUT depth     ; 3.34                        ;
+-----------------------+-----------------------------+


+-------------------------------+
; Elapsed Time Per Partition    ;
+----------------+--------------+
; Partition Name ; Elapsed Time ;
+----------------+--------------+
; Top            ; 00:00:00     ;
+----------------+--------------+


+-------------------------------+
; Analysis & Synthesis Messages ;
+-------------------------------+
Info: *******************************************************************
Info: Running Quartus Prime Analysis & Synthesis
    Info: Version 21.1.1 Build 850 06/23/2022 SJ Lite Edition
    Info: Processing started: Fri Dec 16 02:29:32 2022
Info: Command: quartus_map --read_settings_files=on --write_settings_files=off Lab7 -c Lab7
Warning (18236): Number of processors has not been specified which may cause overloading on shared machines.  Set the global assignment NUM_PARALLEL_PROCESSORS in your QSF to an appropriate value for best performance.
Info (20030): Parallel compilation is enabled and will use 6 of the 6 processors detected
Info (12021): Found 1 design units, including 1 entities, in source file counter_modk.v
    Info (12023): Found entity 1: counter_modk File: C:/Users/ADMIN/Documents/FPGA/Lab7/counter_modk.v Line: 1
Info (12021): Found 1 design units, including 1 entities, in source file complete_morse_decoder.v
    Info (12023): Found entity 1: complete_morse_decoder File: C:/Users/ADMIN/Documents/FPGA/Lab7/complete_morse_decoder.v Line: 1
Info (12021): Found 1 design units, including 1 entities, in source file shift_register.v
    Info (12023): Found entity 1: shift_register File: C:/Users/ADMIN/Documents/FPGA/Lab7/shift_register.v Line: 1
Info (12021): Found 1 design units, including 1 entities, in source file select_character.v
    Info (12023): Found entity 1: select_character File: C:/Users/ADMIN/Documents/FPGA/Lab7/select_character.v Line: 1
Info (12021): Found 1 design units, including 1 entities, in source file part4.v
    Info (12023): Found entity 1: part4 File: C:/Users/ADMIN/Documents/FPGA/Lab7/Part4.v Line: 1
Info (12021): Found 1 design units, including 1 entities, in source file part3.v
    Info (12023): Found entity 1: part3 File: C:/Users/ADMIN/Documents/FPGA/Lab7/Part3.v Line: 1
Info (12021): Found 1 design units, including 1 entities, in source file morse_decoder_fsm.v
    Info (12023): Found entity 1: morse_decoder_fsm File: C:/Users/ADMIN/Documents/FPGA/Lab7/morse_decoder_fsm.v Line: 1
Info (12021): Found 1 design units, including 1 entities, in source file rtl_fsm.v
    Info (12023): Found entity 1: rtl_fsm File: C:/Users/ADMIN/Documents/FPGA/Lab7/rtl_fsm.v Line: 1
Info (12021): Found 1 design units, including 1 entities, in source file part2.v
    Info (12023): Found entity 1: part2 File: C:/Users/ADMIN/Documents/FPGA/Lab7/Part2.v Line: 1
Info (12021): Found 1 design units, including 1 entities, in source file part1.v
    Info (12023): Found entity 1: part1 File: C:/Users/ADMIN/Documents/FPGA/Lab7/Part1.v Line: 1
Info (12021): Found 1 design units, including 1 entities, in source file fsm_ff.v
    Info (12023): Found entity 1: fsm_ff File: C:/Users/ADMIN/Documents/FPGA/Lab7/fsm_ff.v Line: 1
Info (12021): Found 1 design units, including 1 entities, in source file d_ff.v
    Info (12023): Found entity 1: d_ff File: C:/Users/ADMIN/Documents/FPGA/Lab7/d_ff.v Line: 1
Info (12021): Found 1 design units, including 1 entities, in source file behavioral_fsm.v
    Info (12023): Found entity 1: behavioral_fsm File: C:/Users/ADMIN/Documents/FPGA/Lab7/behavioral_fsm.v Line: 1
Info (12021): Found 1 design units, including 1 entities, in source file lab7part2.bdf
    Info (12023): Found entity 1: Lab7Part2
Info (12021): Found 1 design units, including 1 entities, in source file lab7part1.bdf
    Info (12023): Found entity 1: Lab7Part1
Info (12021): Found 1 design units, including 1 entities, in source file lab7part4.bdf
    Info (12023): Found entity 1: Lab7Part4
Info (12021): Found 1 design units, including 1 entities, in source file roll_over_test.bdf
    Info (12023): Found entity 1: roll_over_test
Info (12127): Elaborating entity "part4" for the top level hierarchy
Warning (10034): Output port "LEDR[1]" at Part4.v(5) has no driver File: C:/Users/ADMIN/Documents/FPGA/Lab7/Part4.v Line: 5
Info (12128): Elaborating entity "counter_modk" for hierarchy "counter_modk:C0" File: C:/Users/ADMIN/Documents/FPGA/Lab7/Part4.v Line: 12
Info (12128): Elaborating entity "complete_morse_decoder" for hierarchy "complete_morse_decoder:D0" File: C:/Users/ADMIN/Documents/FPGA/Lab7/Part4.v Line: 16
Info (12128): Elaborating entity "select_character" for hierarchy "complete_morse_decoder:D0|select_character:S0" File: C:/Users/ADMIN/Documents/FPGA/Lab7/complete_morse_decoder.v Line: 8
Info (12128): Elaborating entity "morse_decoder_fsm" for hierarchy "complete_morse_decoder:D0|morse_decoder_fsm:M0" File: C:/Users/ADMIN/Documents/FPGA/Lab7/complete_morse_decoder.v Line: 9
Warning (13024): Output pins are stuck at VCC or GND
    Warning (13410): Pin "LEDR[1]" is stuck at GND File: C:/Users/ADMIN/Documents/FPGA/Lab7/Part4.v Line: 5
Info (286030): Timing-Driven Synthesis is running
Info (16010): Generating hard_block partition "hard_block:auto_generated_inst"
    Info (16011): Adding 0 node(s), including 0 DDIO, 0 PLL, 0 transceiver and 0 LCELL
Info (21057): Implemented 83 device resources after synthesis - the final resource count might be different
    Info (21058): Implemented 6 input pins
    Info (21059): Implemented 2 output pins
    Info (21061): Implemented 75 logic cells
Info: Quartus Prime Analysis & Synthesis was successful. 0 errors, 4 warnings
    Info: Peak virtual memory: 4863 megabytes
    Info: Processing ended: Fri Dec 16 02:29:38 2022
    Info: Elapsed time: 00:00:06
    Info: Total CPU time (on all processors): 00:00:06


