Analysis & Synthesis report for Lab4
Thu Nov  3 16:04:30 2022
Quartus Prime Version 21.1.1 Build 850 06/23/2022 SJ Lite Edition


---------------------
; Table of Contents ;
---------------------
  1. Legal Notice
  2. Analysis & Synthesis Summary
  3. Analysis & Synthesis Settings
  4. Parallel Compilation
  5. Analysis & Synthesis Source Files Read
  6. Analysis & Synthesis Resource Usage Summary
  7. Analysis & Synthesis Resource Utilization by Entity
  8. General Register Statistics
  9. Post-Synthesis Netlist Statistics for Top Partition
 10. Elapsed Time Per Partition
 11. Analysis & Synthesis Messages



----------------
; Legal Notice ;
----------------
Copyright (C) 2022  Intel Corporation. All rights reserved.
Your use of Intel Corporation's design tools, logic functions 
and other software and tools, and any partner logic 
functions, and any output files from any of the foregoing 
(including device programming or simulation files), and any 
associated documentation or information are expressly subject 
to the terms and conditions of the Intel Program License 
Subscription Agreement, the Intel Quartus Prime License Agreement,
the Intel FPGA IP License Agreement, or other applicable license
agreement, including, without limitation, that your use is for
the sole purpose of programming logic devices manufactured by
Intel and sold by Intel or its authorized distributors.  Please
refer to the applicable agreement for further details, at
https://fpgasoftware.intel.com/eula.



+----------------------------------------------------------------------------------+
; Analysis & Synthesis Summary                                                     ;
+------------------------------------+---------------------------------------------+
; Analysis & Synthesis Status        ; Successful - Thu Nov  3 16:04:30 2022       ;
; Quartus Prime Version              ; 21.1.1 Build 850 06/23/2022 SJ Lite Edition ;
; Revision Name                      ; Lab4                                        ;
; Top-level Entity Name              ; Lab4Part3                                   ;
; Family                             ; Cyclone IV GX                               ;
; Total logic elements               ; 36                                          ;
;     Total combinational functions  ; 36                                          ;
;     Dedicated logic registers      ; 27                                          ;
; Total registers                    ; 27                                          ;
; Total pins                         ; 2                                           ;
; Total virtual pins                 ; 0                                           ;
; Total memory bits                  ; 0                                           ;
; Embedded Multiplier 9-bit elements ; 0                                           ;
; Total GXB Receiver Channel PCS     ; 0                                           ;
; Total GXB Receiver Channel PMA     ; 0                                           ;
; Total GXB Transmitter Channel PCS  ; 0                                           ;
; Total GXB Transmitter Channel PMA  ; 0                                           ;
; Total PLLs                         ; 0                                           ;
+------------------------------------+---------------------------------------------+


+------------------------------------------------------------------------------------------------------------+
; Analysis & Synthesis Settings                                                                              ;
+------------------------------------------------------------------+--------------------+--------------------+
; Option                                                           ; Setting            ; Default Value      ;
+------------------------------------------------------------------+--------------------+--------------------+
; Device                                                           ; EP4CGX150DF31C7    ;                    ;
; Top-level entity name                                            ; Lab4Part3          ; Lab4               ;
; Family name                                                      ; Cyclone IV GX      ; Cyclone V          ;
; Use smart compilation                                            ; Off                ; Off                ;
; Enable parallel Assembler and Timing Analyzer during compilation ; On                 ; On                 ;
; Enable compact report table                                      ; Off                ; Off                ;
; Restructure Multiplexers                                         ; Auto               ; Auto               ;
; Create Debugging Nodes for IP Cores                              ; Off                ; Off                ;
; Preserve fewer node names                                        ; On                 ; On                 ;
; Intel FPGA IP Evaluation Mode                                    ; Enable             ; Enable             ;
; Verilog Version                                                  ; Verilog_2001       ; Verilog_2001       ;
; VHDL Version                                                     ; VHDL_1993          ; VHDL_1993          ;
; State Machine Processing                                         ; Auto               ; Auto               ;
; Safe State Machine                                               ; Off                ; Off                ;
; Extract Verilog State Machines                                   ; On                 ; On                 ;
; Extract VHDL State Machines                                      ; On                 ; On                 ;
; Ignore Verilog initial constructs                                ; Off                ; Off                ;
; Iteration limit for constant Verilog loops                       ; 5000               ; 5000               ;
; Iteration limit for non-constant Verilog loops                   ; 250                ; 250                ;
; Add Pass-Through Logic to Inferred RAMs                          ; On                 ; On                 ;
; Infer RAMs from Raw Logic                                        ; On                 ; On                 ;
; Parallel Synthesis                                               ; On                 ; On                 ;
; DSP Block Balancing                                              ; Auto               ; Auto               ;
; NOT Gate Push-Back                                               ; On                 ; On                 ;
; Power-Up Don't Care                                              ; On                 ; On                 ;
; Remove Redundant Logic Cells                                     ; Off                ; Off                ;
; Remove Duplicate Registers                                       ; On                 ; On                 ;
; Ignore CARRY Buffers                                             ; Off                ; Off                ;
; Ignore CASCADE Buffers                                           ; Off                ; Off                ;
; Ignore GLOBAL Buffers                                            ; Off                ; Off                ;
; Ignore ROW GLOBAL Buffers                                        ; Off                ; Off                ;
; Ignore LCELL Buffers                                             ; Off                ; Off                ;
; Ignore SOFT Buffers                                              ; On                 ; On                 ;
; Limit AHDL Integers to 32 Bits                                   ; Off                ; Off                ;
; Optimization Technique                                           ; Balanced           ; Balanced           ;
; Carry Chain Length                                               ; 70                 ; 70                 ;
; Auto Carry Chains                                                ; On                 ; On                 ;
; Auto Open-Drain Pins                                             ; On                 ; On                 ;
; Perform WYSIWYG Primitive Resynthesis                            ; Off                ; Off                ;
; Auto ROM Replacement                                             ; On                 ; On                 ;
; Auto RAM Replacement                                             ; On                 ; On                 ;
; Auto DSP Block Replacement                                       ; On                 ; On                 ;
; Auto Shift Register Replacement                                  ; Auto               ; Auto               ;
; Allow Shift Register Merging across Hierarchies                  ; Auto               ; Auto               ;
; Auto Clock Enable Replacement                                    ; On                 ; On                 ;
; Strict RAM Replacement                                           ; Off                ; Off                ;
; Allow Synchronous Control Signals                                ; On                 ; On                 ;
; Force Use of Synchronous Clear Signals                           ; Off                ; Off                ;
; Auto RAM Block Balancing                                         ; On                 ; On                 ;
; Auto RAM to Logic Cell Conversion                                ; Off                ; Off                ;
; Auto Resource Sharing                                            ; Off                ; Off                ;
; Allow Any RAM Size For Recognition                               ; Off                ; Off                ;
; Allow Any ROM Size For Recognition                               ; Off                ; Off                ;
; Allow Any Shift Register Size For Recognition                    ; Off                ; Off                ;
; Use LogicLock Constraints during Resource Balancing              ; On                 ; On                 ;
; Ignore translate_off and synthesis_off directives                ; Off                ; Off                ;
; Timing-Driven Synthesis                                          ; On                 ; On                 ;
; Report Parameter Settings                                        ; On                 ; On                 ;
; Report Source Assignments                                        ; On                 ; On                 ;
; Report Connectivity Checks                                       ; On                 ; On                 ;
; Ignore Maximum Fan-Out Assignments                               ; Off                ; Off                ;
; Synchronization Register Chain Length                            ; 2                  ; 2                  ;
; Power Optimization During Synthesis                              ; Normal compilation ; Normal compilation ;
; HDL message level                                                ; Level2             ; Level2             ;
; Suppress Register Optimization Related Messages                  ; Off                ; Off                ;
; Number of Removed Registers Reported in Synthesis Report         ; 5000               ; 5000               ;
; Number of Swept Nodes Reported in Synthesis Report               ; 5000               ; 5000               ;
; Number of Inverted Registers Reported in Synthesis Report        ; 100                ; 100                ;
; Clock MUX Protection                                             ; On                 ; On                 ;
; Auto Gated Clock Conversion                                      ; Off                ; Off                ;
; Block Design Naming                                              ; Auto               ; Auto               ;
; SDC constraint protection                                        ; Off                ; Off                ;
; Synthesis Effort                                                 ; Auto               ; Auto               ;
; Shift Register Replacement - Allow Asynchronous Clear Signal     ; On                 ; On                 ;
; Pre-Mapping Resynthesis Optimization                             ; Off                ; Off                ;
; Analysis & Synthesis Message Level                               ; Medium             ; Medium             ;
; Disable Register Merging Across Hierarchies                      ; Auto               ; Auto               ;
; Resource Aware Inference For Block RAM                           ; On                 ; On                 ;
+------------------------------------------------------------------+--------------------+--------------------+


+------------------------------------------+
; Parallel Compilation                     ;
+----------------------------+-------------+
; Processors                 ; Number      ;
+----------------------------+-------------+
; Number detected on machine ; 12          ;
; Maximum allowed            ; 6           ;
;                            ;             ;
; Average used               ; 1.00        ;
; Maximum used               ; 6           ;
;                            ;             ;
; Usage by Processor         ; % Time Used ;
;     Processor 1            ; 100.0%      ;
;     Processors 2-6         ;   0.0%      ;
+----------------------------+-------------+


+-------------------------------------------------------------------------------------------------------------------------------------------------------------+
; Analysis & Synthesis Source Files Read                                                                                                                      ;
+----------------------------------+-----------------+------------------------------------+---------------------------------------------------------+---------+
; File Name with User-Entered Path ; Used in Netlist ; File Type                          ; File Name with Absolute Path                            ; Library ;
+----------------------------------+-----------------+------------------------------------+---------------------------------------------------------+---------+
; inc_counter_26bit.v              ; yes             ; User Verilog HDL File              ; C:/Users/ADMIN/Documents/FPGA/Lab4/inc_counter_26bit.v  ;         ;
; clock_50mhz_en_1hz.v             ; yes             ; User Verilog HDL File              ; C:/Users/ADMIN/Documents/FPGA/Lab4/clock_50mhz_en_1hz.v ;         ;
; Lab4Part3.bdf                    ; yes             ; User Block Diagram/Schematic File  ; C:/Users/ADMIN/Documents/FPGA/Lab4/Lab4Part3.bdf        ;         ;
+----------------------------------+-----------------+------------------------------------+---------------------------------------------------------+---------+


+--------------------------------------------------------+
; Analysis & Synthesis Resource Usage Summary            ;
+--------------------------+-----------------------------+
; Resource                 ; Usage                       ;
+--------------------------+-----------------------------+
; I/O pins                 ; 2                           ;
;                          ;                             ;
; DSP block 9-bit elements ; 0                           ;
;                          ;                             ;
; Maximum fan-out node     ; clock_50mhz_en_1hz:inst|Clr ;
; Maximum fan-out          ; 27                          ;
; Total fan-out            ; 173                         ;
; Average fan-out          ; 2.58                        ;
+--------------------------+-----------------------------+


+-------------------------------------------------------------------------------------------------------------------------------------------------------------------------------------------------------------------------------------------------------------------+
; Analysis & Synthesis Resource Utilization by Entity                                                                                                                                                                                                               ;
+------------------------------+---------------------+---------------------------+-------------+--------------+---------+-----------+-----------+------+--------------+---------------------------------------------------------+--------------------+--------------+
; Compilation Hierarchy Node   ; Combinational ALUTs ; Dedicated Logic Registers ; Memory Bits ; DSP Elements ; DSP 9x9 ; DSP 18x18 ; DSP 36x36 ; Pins ; Virtual Pins ; Full Hierarchy Name                                     ; Entity Name        ; Library Name ;
+------------------------------+---------------------+---------------------------+-------------+--------------+---------+-----------+-----------+------+--------------+---------------------------------------------------------+--------------------+--------------+
; |Lab4Part3                   ; 36 (0)              ; 27 (0)                    ; 0           ; 0            ; 0       ; 0         ; 0         ; 2    ; 0            ; |Lab4Part3                                              ; Lab4Part3          ; work         ;
;    |clock_50mhz_en_1hz:inst| ; 36 (10)             ; 27 (1)                    ; 0           ; 0            ; 0       ; 0         ; 0         ; 0    ; 0            ; |Lab4Part3|clock_50mhz_en_1hz:inst                      ; clock_50mhz_en_1hz ; work         ;
;       |inc_counter_26bit:C0| ; 26 (26)             ; 26 (26)                   ; 0           ; 0            ; 0       ; 0         ; 0         ; 0    ; 0            ; |Lab4Part3|clock_50mhz_en_1hz:inst|inc_counter_26bit:C0 ; inc_counter_26bit  ; work         ;
+------------------------------+---------------------+---------------------------+-------------+--------------+---------+-----------+-----------+------+--------------+---------------------------------------------------------+--------------------+--------------+
Note: For table entries with two numbers listed, the numbers in parentheses indicate the number of resources of the given type used by the specific entity alone. The numbers listed outside of parentheses indicate the total resources of the given type used by the specific entity and all of its sub-entities in the hierarchy.


+------------------------------------------------------+
; General Register Statistics                          ;
+----------------------------------------------+-------+
; Statistic                                    ; Value ;
+----------------------------------------------+-------+
; Total registers                              ; 27    ;
; Number of registers using Synchronous Clear  ; 26    ;
; Number of registers using Synchronous Load   ; 0     ;
; Number of registers using Asynchronous Clear ; 0     ;
; Number of registers using Asynchronous Load  ; 0     ;
; Number of registers using Clock Enable       ; 0     ;
; Number of registers using Preset             ; 0     ;
+----------------------------------------------+-------+


+-----------------------------------------------------+
; Post-Synthesis Netlist Statistics for Top Partition ;
+-----------------------+-----------------------------+
; Type                  ; Count                       ;
+-----------------------+-----------------------------+
; boundary_port         ; 2                           ;
; cycloneiii_ff         ; 27                          ;
;     SCLR              ; 26                          ;
;     plain             ; 1                           ;
; cycloneiii_lcell_comb ; 36                          ;
;     arith             ; 25                          ;
;         2 data inputs ; 25                          ;
;     normal            ; 11                          ;
;         1 data inputs ; 1                           ;
;         3 data inputs ; 1                           ;
;         4 data inputs ; 9                           ;
;                       ;                             ;
; Max LUT depth         ; 4.00                        ;
; Average LUT depth     ; 2.98                        ;
+-----------------------+-----------------------------+


+-------------------------------+
; Elapsed Time Per Partition    ;
+----------------+--------------+
; Partition Name ; Elapsed Time ;
+----------------+--------------+
; Top            ; 00:00:00     ;
+----------------+--------------+


+-------------------------------+
; Analysis & Synthesis Messages ;
+-------------------------------+
Info: *******************************************************************
Info: Running Quartus Prime Analysis & Synthesis
    Info: Version 21.1.1 Build 850 06/23/2022 SJ Lite Edition
    Info: Processing started: Thu Nov  3 16:04:24 2022
Info: Command: quartus_map --read_settings_files=on --write_settings_files=off Lab4 -c Lab4
Warning (18236): Number of processors has not been specified which may cause overloading on shared machines.  Set the global assignment NUM_PARALLEL_PROCESSORS in your QSF to an appropriate value for best performance.
Info (20030): Parallel compilation is enabled and will use 6 of the 6 processors detected
Info (12021): Found 1 design units, including 1 entities, in source file t_ff.v
    Info (12023): Found entity 1: t_ff File: C:/Users/ADMIN/Documents/FPGA/Lab4/t_ff.v Line: 1
Info (12021): Found 1 design units, including 1 entities, in source file displayhex.v
    Info (12023): Found entity 1: displayHEX File: C:/Users/ADMIN/Documents/FPGA/Lab4/displayHEX.v Line: 1
Info (12021): Found 1 design units, including 1 entities, in source file counter_8bit.v
    Info (12023): Found entity 1: counter_8bit File: C:/Users/ADMIN/Documents/FPGA/Lab4/counter_8bit.v Line: 1
Info (12021): Found 1 design units, including 1 entities, in source file part1.v
    Info (12023): Found entity 1: part1 File: C:/Users/ADMIN/Documents/FPGA/Lab4/Part1.v Line: 1
Info (12021): Found 1 design units, including 1 entities, in source file lab4part1.bdf
    Info (12023): Found entity 1: Lab4Part1
Info (12021): Found 1 design units, including 1 entities, in source file inc_counter_16bit.v
    Info (12023): Found entity 1: inc_counter_16bit File: C:/Users/ADMIN/Documents/FPGA/Lab4/inc_counter_16bit.v Line: 1
Info (12021): Found 1 design units, including 1 entities, in source file lab4part2.bdf
    Info (12023): Found entity 1: Lab4Part2
Info (12021): Found 1 design units, including 1 entities, in source file part2.v
    Info (12023): Found entity 1: part2 File: C:/Users/ADMIN/Documents/FPGA/Lab4/Part2.v Line: 1
Info (12021): Found 1 design units, including 1 entities, in source file inc_counter_26bit.v
    Info (12023): Found entity 1: inc_counter_26bit File: C:/Users/ADMIN/Documents/FPGA/Lab4/inc_counter_26bit.v Line: 1
Info (12021): Found 1 design units, including 1 entities, in source file part3.v
    Info (12023): Found entity 1: part3 File: C:/Users/ADMIN/Documents/FPGA/Lab4/Part3.v Line: 1
Info (12021): Found 1 design units, including 1 entities, in source file clock_50mhz_en_1hz.v
    Info (12023): Found entity 1: clock_50mhz_en_1hz File: C:/Users/ADMIN/Documents/FPGA/Lab4/clock_50mhz_en_1hz.v Line: 1
Info (12021): Found 1 design units, including 1 entities, in source file lab4part3.bdf
    Info (12023): Found entity 1: Lab4Part3
Info (12127): Elaborating entity "Lab4Part3" for the top level hierarchy
Info (12128): Elaborating entity "clock_50mhz_en_1hz" for hierarchy "clock_50mhz_en_1hz:inst"
Info (12128): Elaborating entity "inc_counter_26bit" for hierarchy "clock_50mhz_en_1hz:inst|inc_counter_26bit:C0" File: C:/Users/ADMIN/Documents/FPGA/Lab4/clock_50mhz_en_1hz.v Line: 8
Info (286030): Timing-Driven Synthesis is running
Info (16010): Generating hard_block partition "hard_block:auto_generated_inst"
    Info (16011): Adding 0 node(s), including 0 DDIO, 0 PLL, 0 transceiver and 0 LCELL
Info (21057): Implemented 38 device resources after synthesis - the final resource count might be different
    Info (21058): Implemented 1 input pins
    Info (21059): Implemented 1 output pins
    Info (21061): Implemented 36 logic cells
Info: Quartus Prime Analysis & Synthesis was successful. 0 errors, 1 warning
    Info: Peak virtual memory: 4870 megabytes
    Info: Processing ended: Thu Nov  3 16:04:30 2022
    Info: Elapsed time: 00:00:06
    Info: Total CPU time (on all processors): 00:00:12


